The system is: Linux - 5.4.0-77-generic - x86_64
Compiling the CXX compiler identification source file "CMakeCXXCompilerId.cpp" succeeded.
Compiler: /usr/bin/c++ 
Build flags: 
Id flags:  

The output was:
0


Compilation of the CXX compiler identification source "CMakeCXXCompilerId.cpp" produced "a.out"

The CXX compiler identification is GNU, found in "/home/hiw/WebRTC2/libdatachannel/build/CMakeFiles/3.20.5/CompilerIdCXX/a.out"

Detecting CXX compiler ABI info compiled with the following output:
Change Dir: /home/hiw/WebRTC2/libdatachannel/build/CMakeFiles/CMakeTmp

Run Build Command(s):/usr/bin/make -f Makefile cmTC_845c9/fast && /usr/bin/make  -f CMakeFiles/cmTC_845c9.dir/build.make CMakeFiles/cmTC_845c9.dir/build
make[1]: Entering directory '/home/hiw/WebRTC2/libdatachannel/build/CMakeFiles/CMakeTmp'
Building CXX object CMakeFiles/cmTC_845c9.dir/CMakeCXXCompilerABI.cpp.o
/usr/bin/c++   -v -o CMakeFiles/cmTC_845c9.dir/CMakeCXXCompilerABI.cpp.o -c /usr/local/share/cmake-3.20/Modules/CMakeCXXCompilerABI.cpp
Using built-in specs.
COLLECT_GCC=/usr/bin/c++
OFFLOAD_TARGET_NAMES=nvptx-none
OFFLOAD_TARGET_DEFAULT=1
Target: x86_64-linux-gnu
Configured with: ../src/configure -v --with-pkgversion='Ubuntu 7.5.0-3ubuntu1~18.04' --with-bugurl=file:///usr/share/doc/gcc-7/README.Bugs --enable-languages=c,ada,c++,go,brig,d,fortran,objc,obj-c++ --prefix=/usr --with-gcc-major-version-only --program-suffix=-7 --program-prefix=x86_64-linux-gnu- --enable-shared --enable-linker-build-id --libexecdir=/usr/lib --without-included-gettext --enable-threads=posix --libdir=/usr/lib --enable-nls --enable-bootstrap --enable-clocale=gnu --enable-libstdcxx-debug --enable-libstdcxx-time=yes --with-default-libstdcxx-abi=new --enable-gnu-unique-object --disable-vtable-verify --enable-libmpx --enable-plugin --enable-default-pie --with-system-zlib --with-target-system-zlib --enable-objc-gc=auto --enable-multiarch --disable-werror --with-arch-32=i686 --with-abi=m64 --with-multilib-list=m32,m64,mx32 --enable-multilib --with-tune=generic --enable-offload-targets=nvptx-none --without-cuda-driver --enable-checking=release --build=x86_64-linux-gnu --host=x86_64-linux-gnu --target=x86_64-linux-gnu
Thread model: posix
gcc version 7.5.0 (Ubuntu 7.5.0-3ubuntu1~18.04) 
COLLECT_GCC_OPTIONS='-v' '-o' 'CMakeFiles/cmTC_845c9.dir/CMakeCXXCompilerABI.cpp.o' '-c' '-shared-libgcc' '-mtune=generic' '-march=x86-64'
 /usr/lib/gcc/x86_64-linux-gnu/7/cc1plus -quiet -v -imultiarch x86_64-linux-gnu -D_GNU_SOURCE /usr/local/share/cmake-3.20/Modules/CMakeCXXCompilerABI.cpp -quiet -dumpbase CMakeCXXCompilerABI.cpp -mtune=generic -march=x86-64 -auxbase-strip CMakeFiles/cmTC_845c9.dir/CMakeCXXCompilerABI.cpp.o -version -fstack-protector-strong -Wformat -Wformat-security -o /tmp/ccDIG82b.s
GNU C++14 (Ubuntu 7.5.0-3ubuntu1~18.04) version 7.5.0 (x86_64-linux-gnu)
	compiled by GNU C version 7.5.0, GMP version 6.1.2, MPFR version 4.0.1, MPC version 1.1.0, isl version isl-0.19-GMP

GGC heuristics: --param ggc-min-expand=100 --param ggc-min-heapsize=131072
ignoring duplicate directory "/usr/include/x86_64-linux-gnu/c++/7"
ignoring nonexistent directory "/usr/local/include/x86_64-linux-gnu"
ignoring nonexistent directory "/usr/lib/gcc/x86_64-linux-gnu/7/../../../../x86_64-linux-gnu/include"
#include "..." search starts here:
#include <...> search starts here:
 /usr/include/c++/7
 /usr/include/x86_64-linux-gnu/c++/7
 /usr/include/c++/7/backward
 /usr/lib/gcc/x86_64-linux-gnu/7/include
 /usr/local/include
 /usr/lib/gcc/x86_64-linux-gnu/7/include-fixed
 /usr/include/x86_64-linux-gnu
 /usr/include
End of search list.
GNU C++14 (Ubuntu 7.5.0-3ubuntu1~18.04) version 7.5.0 (x86_64-linux-gnu)
	compiled by GNU C version 7.5.0, GMP version 6.1.2, MPFR version 4.0.1, MPC version 1.1.0, isl version isl-0.19-GMP

GGC heuristics: --param ggc-min-expand=100 --param ggc-min-heapsize=131072
Compiler executable checksum: 3eb3dc290cd5714c3e1c3ae751116f07
COLLECT_GCC_OPTIONS='-v' '-o' 'CMakeFiles/cmTC_845c9.dir/CMakeCXXCompilerABI.cpp.o' '-c' '-shared-libgcc' '-mtune=generic' '-march=x86-64'
 as -v --64 -o CMakeFiles/cmTC_845c9.dir/CMakeCXXCompilerABI.cpp.o /tmp/ccDIG82b.s
GNU assembler version 2.30 (x86_64-linux-gnu) using BFD version (GNU Binutils for Ubuntu) 2.30
COMPILER_PATH=/usr/lib/gcc/x86_64-linux-gnu/7/:/usr/lib/gcc/x86_64-linux-gnu/7/:/usr/lib/gcc/x86_64-linux-gnu/:/usr/lib/gcc/x86_64-linux-gnu/7/:/usr/lib/gcc/x86_64-linux-gnu/
LIBRARY_PATH=/usr/lib/gcc/x86_64-linux-gnu/7/:/usr/lib/gcc/x86_64-linux-gnu/7/../../../x86_64-linux-gnu/:/usr/lib/gcc/x86_64-linux-gnu/7/../../../../lib/:/lib/x86_64-linux-gnu/:/lib/../lib/:/usr/lib/x86_64-linux-gnu/:/usr/lib/../lib/:/usr/lib/gcc/x86_64-linux-gnu/7/../../../:/lib/:/usr/lib/
COLLECT_GCC_OPTIONS='-v' '-o' 'CMakeFiles/cmTC_845c9.dir/CMakeCXXCompilerABI.cpp.o' '-c' '-shared-libgcc' '-mtune=generic' '-march=x86-64'
Linking CXX executable cmTC_845c9
/usr/local/bin/cmake -E cmake_link_script CMakeFiles/cmTC_845c9.dir/link.txt --verbose=1
/usr/bin/c++  -v CMakeFiles/cmTC_845c9.dir/CMakeCXXCompilerABI.cpp.o -o cmTC_845c9 
Using built-in specs.
COLLECT_GCC=/usr/bin/c++
COLLECT_LTO_WRAPPER=/usr/lib/gcc/x86_64-linux-gnu/7/lto-wrapper
OFFLOAD_TARGET_NAMES=nvptx-none
OFFLOAD_TARGET_DEFAULT=1
Target: x86_64-linux-gnu
Configured with: ../src/configure -v --with-pkgversion='Ubuntu 7.5.0-3ubuntu1~18.04' --with-bugurl=file:///usr/share/doc/gcc-7/README.Bugs --enable-languages=c,ada,c++,go,brig,d,fortran,objc,obj-c++ --prefix=/usr --with-gcc-major-version-only --program-suffix=-7 --program-prefix=x86_64-linux-gnu- --enable-shared --enable-linker-build-id --libexecdir=/usr/lib --without-included-gettext --enable-threads=posix --libdir=/usr/lib --enable-nls --enable-bootstrap --enable-clocale=gnu --enable-libstdcxx-debug --enable-libstdcxx-time=yes --with-default-libstdcxx-abi=new --enable-gnu-unique-object --disable-vtable-verify --enable-libmpx --enable-plugin --enable-default-pie --with-system-zlib --with-target-system-zlib --enable-objc-gc=auto --enable-multiarch --disable-werror --with-arch-32=i686 --with-abi=m64 --with-multilib-list=m32,m64,mx32 --enable-multilib --with-tune=generic --enable-offload-targets=nvptx-none --without-cuda-driver --enable-checking=release --build=x86_64-linux-gnu --host=x86_64-linux-gnu --target=x86_64-linux-gnu
Thread model: posix
gcc version 7.5.0 (Ubuntu 7.5.0-3ubuntu1~18.04) 
COMPILER_PATH=/usr/lib/gcc/x86_64-linux-gnu/7/:/usr/lib/gcc/x86_64-linux-gnu/7/:/usr/lib/gcc/x86_64-linux-gnu/:/usr/lib/gcc/x86_64-linux-gnu/7/:/usr/lib/gcc/x86_64-linux-gnu/
LIBRARY_PATH=/usr/lib/gcc/x86_64-linux-gnu/7/:/usr/lib/gcc/x86_64-linux-gnu/7/../../../x86_64-linux-gnu/:/usr/lib/gcc/x86_64-linux-gnu/7/../../../../lib/:/lib/x86_64-linux-gnu/:/lib/../lib/:/usr/lib/x86_64-linux-gnu/:/usr/lib/../lib/:/usr/lib/gcc/x86_64-linux-gnu/7/../../../:/lib/:/usr/lib/
COLLECT_GCC_OPTIONS='-v' '-o' 'cmTC_845c9' '-shared-libgcc' '-mtune=generic' '-march=x86-64'
 /usr/lib/gcc/x86_64-linux-gnu/7/collect2 -plugin /usr/lib/gcc/x86_64-linux-gnu/7/liblto_plugin.so -plugin-opt=/usr/lib/gcc/x86_64-linux-gnu/7/lto-wrapper -plugin-opt=-fresolution=/tmp/ccptDLze.res -plugin-opt=-pass-through=-lgcc_s -plugin-opt=-pass-through=-lgcc -plugin-opt=-pass-through=-lc -plugin-opt=-pass-through=-lgcc_s -plugin-opt=-pass-through=-lgcc --build-id --eh-frame-hdr -m elf_x86_64 --hash-style=gnu --as-needed -dynamic-linker /lib64/ld-linux-x86-64.so.2 -pie -z now -z relro -o cmTC_845c9 /usr/lib/gcc/x86_64-linux-gnu/7/../../../x86_64-linux-gnu/Scrt1.o /usr/lib/gcc/x86_64-linux-gnu/7/../../../x86_64-linux-gnu/crti.o /usr/lib/gcc/x86_64-linux-gnu/7/crtbeginS.o -L/usr/lib/gcc/x86_64-linux-gnu/7 -L/usr/lib/gcc/x86_64-linux-gnu/7/../../../x86_64-linux-gnu -L/usr/lib/gcc/x86_64-linux-gnu/7/../../../../lib -L/lib/x86_64-linux-gnu -L/lib/../lib -L/usr/lib/x86_64-linux-gnu -L/usr/lib/../lib -L/usr/lib/gcc/x86_64-linux-gnu/7/../../.. CMakeFiles/cmTC_845c9.dir/CMakeCXXCompilerABI.cpp.o -lstdc++ -lm -lgcc_s -lgcc -lc -lgcc_s -lgcc /usr/lib/gcc/x86_64-linux-gnu/7/crtendS.o /usr/lib/gcc/x86_64-linux-gnu/7/../../../x86_64-linux-gnu/crtn.o
COLLECT_GCC_OPTIONS='-v' '-o' 'cmTC_845c9' '-shared-libgcc' '-mtune=generic' '-march=x86-64'
make[1]: Leaving directory '/home/hiw/WebRTC2/libdatachannel/build/CMakeFiles/CMakeTmp'



Parsed CXX implicit include dir info from above output: rv=done
  found start of include info
  found start of implicit include info
    add: [/usr/include/c++/7]
    add: [/usr/include/x86_64-linux-gnu/c++/7]
    add: [/usr/include/c++/7/backward]
    add: [/usr/lib/gcc/x86_64-linux-gnu/7/include]
    add: [/usr/local/include]
    add: [/usr/lib/gcc/x86_64-linux-gnu/7/include-fixed]
    add: [/usr/include/x86_64-linux-gnu]
    add: [/usr/include]
  end of search list found
  collapse include dir [/usr/include/c++/7] ==> [/usr/include/c++/7]
  collapse include dir [/usr/include/x86_64-linux-gnu/c++/7] ==> [/usr/include/x86_64-linux-gnu/c++/7]
  collapse include dir [/usr/include/c++/7/backward] ==> [/usr/include/c++/7/backward]
  collapse include dir [/usr/lib/gcc/x86_64-linux-gnu/7/include] ==> [/usr/lib/gcc/x86_64-linux-gnu/7/include]
  collapse include dir [/usr/local/include] ==> [/usr/local/include]
  collapse include dir [/usr/lib/gcc/x86_64-linux-gnu/7/include-fixed] ==> [/usr/lib/gcc/x86_64-linux-gnu/7/include-fixed]
  collapse include dir [/usr/include/x86_64-linux-gnu] ==> [/usr/include/x86_64-linux-gnu]
  collapse include dir [/usr/include] ==> [/usr/include]
  implicit include dirs: [/usr/include/c++/7;/usr/include/x86_64-linux-gnu/c++/7;/usr/include/c++/7/backward;/usr/lib/gcc/x86_64-linux-gnu/7/include;/usr/local/include;/usr/lib/gcc/x86_64-linux-gnu/7/include-fixed;/usr/include/x86_64-linux-gnu;/usr/include]


Parsed CXX implicit link information from above output:
  link line regex: [^( *|.*[/\])(ld|CMAKE_LINK_STARTFILE-NOTFOUND|([^/\]+-)?ld|collect2)[^/\]*( |$)]
  ignore line: [Change Dir: /home/hiw/WebRTC2/libdatachannel/build/CMakeFiles/CMakeTmp]
  ignore line: []
  ignore line: [Run Build Command(s):/usr/bin/make -f Makefile cmTC_845c9/fast && /usr/bin/make  -f CMakeFiles/cmTC_845c9.dir/build.make CMakeFiles/cmTC_845c9.dir/build]
  ignore line: [make[1]: Entering directory '/home/hiw/WebRTC2/libdatachannel/build/CMakeFiles/CMakeTmp']
  ignore line: [Building CXX object CMakeFiles/cmTC_845c9.dir/CMakeCXXCompilerABI.cpp.o]
  ignore line: [/usr/bin/c++   -v -o CMakeFiles/cmTC_845c9.dir/CMakeCXXCompilerABI.cpp.o -c /usr/local/share/cmake-3.20/Modules/CMakeCXXCompilerABI.cpp]
  ignore line: [Using built-in specs.]
  ignore line: [COLLECT_GCC=/usr/bin/c++]
  ignore line: [OFFLOAD_TARGET_NAMES=nvptx-none]
  ignore line: [OFFLOAD_TARGET_DEFAULT=1]
  ignore line: [Target: x86_64-linux-gnu]
  ignore line: [Configured with: ../src/configure -v --with-pkgversion='Ubuntu 7.5.0-3ubuntu1~18.04' --with-bugurl=file:///usr/share/doc/gcc-7/README.Bugs --enable-languages=c ada c++ go brig d fortran objc obj-c++ --prefix=/usr --with-gcc-major-version-only --program-suffix=-7 --program-prefix=x86_64-linux-gnu- --enable-shared --enable-linker-build-id --libexecdir=/usr/lib --without-included-gettext --enable-threads=posix --libdir=/usr/lib --enable-nls --enable-bootstrap --enable-clocale=gnu --enable-libstdcxx-debug --enable-libstdcxx-time=yes --with-default-libstdcxx-abi=new --enable-gnu-unique-object --disable-vtable-verify --enable-libmpx --enable-plugin --enable-default-pie --with-system-zlib --with-target-system-zlib --enable-objc-gc=auto --enable-multiarch --disable-werror --with-arch-32=i686 --with-abi=m64 --with-multilib-list=m32 m64 mx32 --enable-multilib --with-tune=generic --enable-offload-targets=nvptx-none --without-cuda-driver --enable-checking=release --build=x86_64-linux-gnu --host=x86_64-linux-gnu --target=x86_64-linux-gnu]
  ignore line: [Thread model: posix]
  ignore line: [gcc version 7.5.0 (Ubuntu 7.5.0-3ubuntu1~18.04) ]
  ignore line: [COLLECT_GCC_OPTIONS='-v' '-o' 'CMakeFiles/cmTC_845c9.dir/CMakeCXXCompilerABI.cpp.o' '-c' '-shared-libgcc' '-mtune=generic' '-march=x86-64']
  ignore line: [ /usr/lib/gcc/x86_64-linux-gnu/7/cc1plus -quiet -v -imultiarch x86_64-linux-gnu -D_GNU_SOURCE /usr/local/share/cmake-3.20/Modules/CMakeCXXCompilerABI.cpp -quiet -dumpbase CMakeCXXCompilerABI.cpp -mtune=generic -march=x86-64 -auxbase-strip CMakeFiles/cmTC_845c9.dir/CMakeCXXCompilerABI.cpp.o -version -fstack-protector-strong -Wformat -Wformat-security -o /tmp/ccDIG82b.s]
  ignore line: [GNU C++14 (Ubuntu 7.5.0-3ubuntu1~18.04) version 7.5.0 (x86_64-linux-gnu)]
  ignore line: [	compiled by GNU C version 7.5.0  GMP version 6.1.2  MPFR version 4.0.1  MPC version 1.1.0  isl version isl-0.19-GMP]
  ignore line: []
  ignore line: [GGC heuristics: --param ggc-min-expand=100 --param ggc-min-heapsize=131072]
  ignore line: [ignoring duplicate directory "/usr/include/x86_64-linux-gnu/c++/7"]
  ignore line: [ignoring nonexistent directory "/usr/local/include/x86_64-linux-gnu"]
  ignore line: [ignoring nonexistent directory "/usr/lib/gcc/x86_64-linux-gnu/7/../../../../x86_64-linux-gnu/include"]
  ignore line: [#include "..." search starts here:]
  ignore line: [#include <...> search starts here:]
  ignore line: [ /usr/include/c++/7]
  ignore line: [ /usr/include/x86_64-linux-gnu/c++/7]
  ignore line: [ /usr/include/c++/7/backward]
  ignore line: [ /usr/lib/gcc/x86_64-linux-gnu/7/include]
  ignore line: [ /usr/local/include]
  ignore line: [ /usr/lib/gcc/x86_64-linux-gnu/7/include-fixed]
  ignore line: [ /usr/include/x86_64-linux-gnu]
  ignore line: [ /usr/include]
  ignore line: [End of search list.]
  ignore line: [GNU C++14 (Ubuntu 7.5.0-3ubuntu1~18.04) version 7.5.0 (x86_64-linux-gnu)]
  ignore line: [	compiled by GNU C version 7.5.0  GMP version 6.1.2  MPFR version 4.0.1  MPC version 1.1.0  isl version isl-0.19-GMP]
  ignore line: []
  ignore line: [GGC heuristics: --param ggc-min-expand=100 --param ggc-min-heapsize=131072]
  ignore line: [Compiler executable checksum: 3eb3dc290cd5714c3e1c3ae751116f07]
  ignore line: [COLLECT_GCC_OPTIONS='-v' '-o' 'CMakeFiles/cmTC_845c9.dir/CMakeCXXCompilerABI.cpp.o' '-c' '-shared-libgcc' '-mtune=generic' '-march=x86-64']
  ignore line: [ as -v --64 -o CMakeFiles/cmTC_845c9.dir/CMakeCXXCompilerABI.cpp.o /tmp/ccDIG82b.s]
  ignore line: [GNU assembler version 2.30 (x86_64-linux-gnu) using BFD version (GNU Binutils for Ubuntu) 2.30]
  ignore line: [COMPILER_PATH=/usr/lib/gcc/x86_64-linux-gnu/7/:/usr/lib/gcc/x86_64-linux-gnu/7/:/usr/lib/gcc/x86_64-linux-gnu/:/usr/lib/gcc/x86_64-linux-gnu/7/:/usr/lib/gcc/x86_64-linux-gnu/]
  ignore line: [LIBRARY_PATH=/usr/lib/gcc/x86_64-linux-gnu/7/:/usr/lib/gcc/x86_64-linux-gnu/7/../../../x86_64-linux-gnu/:/usr/lib/gcc/x86_64-linux-gnu/7/../../../../lib/:/lib/x86_64-linux-gnu/:/lib/../lib/:/usr/lib/x86_64-linux-gnu/:/usr/lib/../lib/:/usr/lib/gcc/x86_64-linux-gnu/7/../../../:/lib/:/usr/lib/]
  ignore line: [COLLECT_GCC_OPTIONS='-v' '-o' 'CMakeFiles/cmTC_845c9.dir/CMakeCXXCompilerABI.cpp.o' '-c' '-shared-libgcc' '-mtune=generic' '-march=x86-64']
  ignore line: [Linking CXX executable cmTC_845c9]
  ignore line: [/usr/local/bin/cmake -E cmake_link_script CMakeFiles/cmTC_845c9.dir/link.txt --verbose=1]
  ignore line: [/usr/bin/c++  -v CMakeFiles/cmTC_845c9.dir/CMakeCXXCompilerABI.cpp.o -o cmTC_845c9 ]
  ignore line: [Using built-in specs.]
  ignore line: [COLLECT_GCC=/usr/bin/c++]
  ignore line: [COLLECT_LTO_WRAPPER=/usr/lib/gcc/x86_64-linux-gnu/7/lto-wrapper]
  ignore line: [OFFLOAD_TARGET_NAMES=nvptx-none]
  ignore line: [OFFLOAD_TARGET_DEFAULT=1]
  ignore line: [Target: x86_64-linux-gnu]
  ignore line: [Configured with: ../src/configure -v --with-pkgversion='Ubuntu 7.5.0-3ubuntu1~18.04' --with-bugurl=file:///usr/share/doc/gcc-7/README.Bugs --enable-languages=c ada c++ go brig d fortran objc obj-c++ --prefix=/usr --with-gcc-major-version-only --program-suffix=-7 --program-prefix=x86_64-linux-gnu- --enable-shared --enable-linker-build-id --libexecdir=/usr/lib --without-included-gettext --enable-threads=posix --libdir=/usr/lib --enable-nls --enable-bootstrap --enable-clocale=gnu --enable-libstdcxx-debug --enable-libstdcxx-time=yes --with-default-libstdcxx-abi=new --enable-gnu-unique-object --disable-vtable-verify --enable-libmpx --enable-plugin --enable-default-pie --with-system-zlib --with-target-system-zlib --enable-objc-gc=auto --enable-multiarch --disable-werror --with-arch-32=i686 --with-abi=m64 --with-multilib-list=m32 m64 mx32 --enable-multilib --with-tune=generic --enable-offload-targets=nvptx-none --without-cuda-driver --enable-checking=release --build=x86_64-linux-gnu --host=x86_64-linux-gnu --target=x86_64-linux-gnu]
  ignore line: [Thread model: posix]
  ignore line: [gcc version 7.5.0 (Ubuntu 7.5.0-3ubuntu1~18.04) ]
  ignore line: [COMPILER_PATH=/usr/lib/gcc/x86_64-linux-gnu/7/:/usr/lib/gcc/x86_64-linux-gnu/7/:/usr/lib/gcc/x86_64-linux-gnu/:/usr/lib/gcc/x86_64-linux-gnu/7/:/usr/lib/gcc/x86_64-linux-gnu/]
  ignore line: [LIBRARY_PATH=/usr/lib/gcc/x86_64-linux-gnu/7/:/usr/lib/gcc/x86_64-linux-gnu/7/../../../x86_64-linux-gnu/:/usr/lib/gcc/x86_64-linux-gnu/7/../../../../lib/:/lib/x86_64-linux-gnu/:/lib/../lib/:/usr/lib/x86_64-linux-gnu/:/usr/lib/../lib/:/usr/lib/gcc/x86_64-linux-gnu/7/../../../:/lib/:/usr/lib/]
  ignore line: [COLLECT_GCC_OPTIONS='-v' '-o' 'cmTC_845c9' '-shared-libgcc' '-mtune=generic' '-march=x86-64']
  link line: [ /usr/lib/gcc/x86_64-linux-gnu/7/collect2 -plugin /usr/lib/gcc/x86_64-linux-gnu/7/liblto_plugin.so -plugin-opt=/usr/lib/gcc/x86_64-linux-gnu/7/lto-wrapper -plugin-opt=-fresolution=/tmp/ccptDLze.res -plugin-opt=-pass-through=-lgcc_s -plugin-opt=-pass-through=-lgcc -plugin-opt=-pass-through=-lc -plugin-opt=-pass-through=-lgcc_s -plugin-opt=-pass-through=-lgcc --build-id --eh-frame-hdr -m elf_x86_64 --hash-style=gnu --as-needed -dynamic-linker /lib64/ld-linux-x86-64.so.2 -pie -z now -z relro -o cmTC_845c9 /usr/lib/gcc/x86_64-linux-gnu/7/../../../x86_64-linux-gnu/Scrt1.o /usr/lib/gcc/x86_64-linux-gnu/7/../../../x86_64-linux-gnu/crti.o /usr/lib/gcc/x86_64-linux-gnu/7/crtbeginS.o -L/usr/lib/gcc/x86_64-linux-gnu/7 -L/usr/lib/gcc/x86_64-linux-gnu/7/../../../x86_64-linux-gnu -L/usr/lib/gcc/x86_64-linux-gnu/7/../../../../lib -L/lib/x86_64-linux-gnu -L/lib/../lib -L/usr/lib/x86_64-linux-gnu -L/usr/lib/../lib -L/usr/lib/gcc/x86_64-linux-gnu/7/../../.. CMakeFiles/cmTC_845c9.dir/CMakeCXXCompilerABI.cpp.o -lstdc++ -lm -lgcc_s -lgcc -lc -lgcc_s -lgcc /usr/lib/gcc/x86_64-linux-gnu/7/crtendS.o /usr/lib/gcc/x86_64-linux-gnu/7/../../../x86_64-linux-gnu/crtn.o]
    arg [/usr/lib/gcc/x86_64-linux-gnu/7/collect2] ==> ignore
    arg [-plugin] ==> ignore
    arg [/usr/lib/gcc/x86_64-linux-gnu/7/liblto_plugin.so] ==> ignore
    arg [-plugin-opt=/usr/lib/gcc/x86_64-linux-gnu/7/lto-wrapper] ==> ignore
    arg [-plugin-opt=-fresolution=/tmp/ccptDLze.res] ==> ignore
    arg [-plugin-opt=-pass-through=-lgcc_s] ==> ignore
    arg [-plugin-opt=-pass-through=-lgcc] ==> ignore
    arg [-plugin-opt=-pass-through=-lc] ==> ignore
    arg [-plugin-opt=-pass-through=-lgcc_s] ==> ignore
    arg [-plugin-opt=-pass-through=-lgcc] ==> ignore
    arg [--build-id] ==> ignore
    arg [--eh-frame-hdr] ==> ignore
    arg [-m] ==> ignore
    arg [elf_x86_64] ==> ignore
    arg [--hash-style=gnu] ==> ignore
    arg [--as-needed] ==> ignore
    arg [-dynamic-linker] ==> ignore
    arg [/lib64/ld-linux-x86-64.so.2] ==> ignore
    arg [-pie] ==> ignore
    arg [-znow] ==> ignore
    arg [-zrelro] ==> ignore
    arg [-o] ==> ignore
    arg [cmTC_845c9] ==> ignore
    arg [/usr/lib/gcc/x86_64-linux-gnu/7/../../../x86_64-linux-gnu/Scrt1.o] ==> obj [/usr/lib/gcc/x86_64-linux-gnu/7/../../../x86_64-linux-gnu/Scrt1.o]
    arg [/usr/lib/gcc/x86_64-linux-gnu/7/../../../x86_64-linux-gnu/crti.o] ==> obj [/usr/lib/gcc/x86_64-linux-gnu/7/../../../x86_64-linux-gnu/crti.o]
    arg [/usr/lib/gcc/x86_64-linux-gnu/7/crtbeginS.o] ==> obj [/usr/lib/gcc/x86_64-linux-gnu/7/crtbeginS.o]
    arg [-L/usr/lib/gcc/x86_64-linux-gnu/7] ==> dir [/usr/lib/gcc/x86_64-linux-gnu/7]
    arg [-L/usr/lib/gcc/x86_64-linux-gnu/7/../../../x86_64-linux-gnu] ==> dir [/usr/lib/gcc/x86_64-linux-gnu/7/../../../x86_64-linux-gnu]
    arg [-L/usr/lib/gcc/x86_64-linux-gnu/7/../../../../lib] ==> dir [/usr/lib/gcc/x86_64-linux-gnu/7/../../../../lib]
    arg [-L/lib/x86_64-linux-gnu] ==> dir [/lib/x86_64-linux-gnu]
    arg [-L/lib/../lib] ==> dir [/lib/../lib]
    arg [-L/usr/lib/x86_64-linux-gnu] ==> dir [/usr/lib/x86_64-linux-gnu]
    arg [-L/usr/lib/../lib] ==> dir [/usr/lib/../lib]
    arg [-L/usr/lib/gcc/x86_64-linux-gnu/7/../../..] ==> dir [/usr/lib/gcc/x86_64-linux-gnu/7/../../..]
    arg [CMakeFiles/cmTC_845c9.dir/CMakeCXXCompilerABI.cpp.o] ==> ignore
    arg [-lstdc++] ==> lib [stdc++]
    arg [-lm] ==> lib [m]
    arg [-lgcc_s] ==> lib [gcc_s]
    arg [-lgcc] ==> lib [gcc]
    arg [-lc] ==> lib [c]
    arg [-lgcc_s] ==> lib [gcc_s]
    arg [-lgcc] ==> lib [gcc]
    arg [/usr/lib/gcc/x86_64-linux-gnu/7/crtendS.o] ==> obj [/usr/lib/gcc/x86_64-linux-gnu/7/crtendS.o]
    arg [/usr/lib/gcc/x86_64-linux-gnu/7/../../../x86_64-linux-gnu/crtn.o] ==> obj [/usr/lib/gcc/x86_64-linux-gnu/7/../../../x86_64-linux-gnu/crtn.o]
  collapse obj [/usr/lib/gcc/x86_64-linux-gnu/7/../../../x86_64-linux-gnu/Scrt1.o] ==> [/usr/lib/x86_64-linux-gnu/Scrt1.o]
  collapse obj [/usr/lib/gcc/x86_64-linux-gnu/7/../../../x86_64-linux-gnu/crti.o] ==> [/usr/lib/x86_64-linux-gnu/crti.o]
  collapse obj [/usr/lib/gcc/x86_64-linux-gnu/7/../../../x86_64-linux-gnu/crtn.o] ==> [/usr/lib/x86_64-linux-gnu/crtn.o]
  collapse library dir [/usr/lib/gcc/x86_64-linux-gnu/7] ==> [/usr/lib/gcc/x86_64-linux-gnu/7]
  collapse library dir [/usr/lib/gcc/x86_64-linux-gnu/7/../../../x86_64-linux-gnu] ==> [/usr/lib/x86_64-linux-gnu]
  collapse library dir [/usr/lib/gcc/x86_64-linux-gnu/7/../../../../lib] ==> [/usr/lib]
  collapse library dir [/lib/x86_64-linux-gnu] ==> [/lib/x86_64-linux-gnu]
  collapse library dir [/lib/../lib] ==> [/lib]
  collapse library dir [/usr/lib/x86_64-linux-gnu] ==> [/usr/lib/x86_64-linux-gnu]
  collapse library dir [/usr/lib/../lib] ==> [/usr/lib]
  collapse library dir [/usr/lib/gcc/x86_64-linux-gnu/7/../../..] ==> [/usr/lib]
  implicit libs: [stdc++;m;gcc_s;gcc;c;gcc_s;gcc]
  implicit objs: [/usr/lib/x86_64-linux-gnu/Scrt1.o;/usr/lib/x86_64-linux-gnu/crti.o;/usr/lib/gcc/x86_64-linux-gnu/7/crtbeginS.o;/usr/lib/gcc/x86_64-linux-gnu/7/crtendS.o;/usr/lib/x86_64-linux-gnu/crtn.o]
  implicit dirs: [/usr/lib/gcc/x86_64-linux-gnu/7;/usr/lib/x86_64-linux-gnu;/usr/lib;/lib/x86_64-linux-gnu;/lib]
  implicit fwks: []


Determining if the include file pthread.h exists passed with the following output:
Change Dir: /home/hiw/WebRTC2/libdatachannel/build/CMakeFiles/CMakeTmp

Run Build Command(s):/usr/bin/make -f Makefile cmTC_f9b34/fast && /usr/bin/make  -f CMakeFiles/cmTC_f9b34.dir/build.make CMakeFiles/cmTC_f9b34.dir/build
make[1]: Entering directory '/home/hiw/WebRTC2/libdatachannel/build/CMakeFiles/CMakeTmp'
Building CXX object CMakeFiles/cmTC_f9b34.dir/CheckIncludeFile.cxx.o
/usr/bin/c++   -fPIE -o CMakeFiles/cmTC_f9b34.dir/CheckIncludeFile.cxx.o -c /home/hiw/WebRTC2/libdatachannel/build/CMakeFiles/CMakeTmp/CheckIncludeFile.cxx
Linking CXX executable cmTC_f9b34
/usr/local/bin/cmake -E cmake_link_script CMakeFiles/cmTC_f9b34.dir/link.txt --verbose=1
/usr/bin/c++ CMakeFiles/cmTC_f9b34.dir/CheckIncludeFile.cxx.o -o cmTC_f9b34 
make[1]: Leaving directory '/home/hiw/WebRTC2/libdatachannel/build/CMakeFiles/CMakeTmp'



Compiling the C compiler identification source file "CMakeCCompilerId.c" succeeded.
Compiler: /usr/bin/cc 
Build flags: 
Id flags:  

The output was:
0


Compilation of the C compiler identification source "CMakeCCompilerId.c" produced "a.out"

The C compiler identification is GNU, found in "/home/hiw/WebRTC2/libdatachannel/build/CMakeFiles/3.20.5/CompilerIdC/a.out"

Detecting C compiler ABI info compiled with the following output:
Change Dir: /home/hiw/WebRTC2/libdatachannel/build/CMakeFiles/CMakeTmp

Run Build Command(s):/usr/bin/make -f Makefile cmTC_bbedf/fast && /usr/bin/make  -f CMakeFiles/cmTC_bbedf.dir/build.make CMakeFiles/cmTC_bbedf.dir/build
make[1]: Entering directory '/home/hiw/WebRTC2/libdatachannel/build/CMakeFiles/CMakeTmp'
Building C object CMakeFiles/cmTC_bbedf.dir/CMakeCCompilerABI.c.o
/usr/bin/cc   -fPIE   -v -o CMakeFiles/cmTC_bbedf.dir/CMakeCCompilerABI.c.o -c /usr/local/share/cmake-3.20/Modules/CMakeCCompilerABI.c
Using built-in specs.
COLLECT_GCC=/usr/bin/cc
OFFLOAD_TARGET_NAMES=nvptx-none
OFFLOAD_TARGET_DEFAULT=1
Target: x86_64-linux-gnu
Configured with: ../src/configure -v --with-pkgversion='Ubuntu 7.5.0-3ubuntu1~18.04' --with-bugurl=file:///usr/share/doc/gcc-7/README.Bugs --enable-languages=c,ada,c++,go,brig,d,fortran,objc,obj-c++ --prefix=/usr --with-gcc-major-version-only --program-suffix=-7 --program-prefix=x86_64-linux-gnu- --enable-shared --enable-linker-build-id --libexecdir=/usr/lib --without-included-gettext --enable-threads=posix --libdir=/usr/lib --enable-nls --enable-bootstrap --enable-clocale=gnu --enable-libstdcxx-debug --enable-libstdcxx-time=yes --with-default-libstdcxx-abi=new --enable-gnu-unique-object --disable-vtable-verify --enable-libmpx --enable-plugin --enable-default-pie --with-system-zlib --with-target-system-zlib --enable-objc-gc=auto --enable-multiarch --disable-werror --with-arch-32=i686 --with-abi=m64 --with-multilib-list=m32,m64,mx32 --enable-multilib --with-tune=generic --enable-offload-targets=nvptx-none --without-cuda-driver --enable-checking=release --build=x86_64-linux-gnu --host=x86_64-linux-gnu --target=x86_64-linux-gnu
Thread model: posix
gcc version 7.5.0 (Ubuntu 7.5.0-3ubuntu1~18.04) 
COLLECT_GCC_OPTIONS='-fPIE' '-v' '-o' 'CMakeFiles/cmTC_bbedf.dir/CMakeCCompilerABI.c.o' '-c' '-mtune=generic' '-march=x86-64'
 /usr/lib/gcc/x86_64-linux-gnu/7/cc1 -quiet -v -imultiarch x86_64-linux-gnu /usr/local/share/cmake-3.20/Modules/CMakeCCompilerABI.c -quiet -dumpbase CMakeCCompilerABI.c -mtune=generic -march=x86-64 -auxbase-strip CMakeFiles/cmTC_bbedf.dir/CMakeCCompilerABI.c.o -version -fPIE -fstack-protector-strong -Wformat -Wformat-security -o /tmp/ccQ8aGSu.s
GNU C11 (Ubuntu 7.5.0-3ubuntu1~18.04) version 7.5.0 (x86_64-linux-gnu)
	compiled by GNU C version 7.5.0, GMP version 6.1.2, MPFR version 4.0.1, MPC version 1.1.0, isl version isl-0.19-GMP

GGC heuristics: --param ggc-min-expand=100 --param ggc-min-heapsize=131072
ignoring nonexistent directory "/usr/local/include/x86_64-linux-gnu"
ignoring nonexistent directory "/usr/lib/gcc/x86_64-linux-gnu/7/../../../../x86_64-linux-gnu/include"
#include "..." search starts here:
#include <...> search starts here:
 /usr/lib/gcc/x86_64-linux-gnu/7/include
 /usr/local/include
 /usr/lib/gcc/x86_64-linux-gnu/7/include-fixed
 /usr/include/x86_64-linux-gnu
 /usr/include
End of search list.
GNU C11 (Ubuntu 7.5.0-3ubuntu1~18.04) version 7.5.0 (x86_64-linux-gnu)
	compiled by GNU C version 7.5.0, GMP version 6.1.2, MPFR version 4.0.1, MPC version 1.1.0, isl version isl-0.19-GMP

GGC heuristics: --param ggc-min-expand=100 --param ggc-min-heapsize=131072
Compiler executable checksum: b62ed4a2880cd4159476ea8293b72fa8
COLLECT_GCC_OPTIONS='-fPIE' '-v' '-o' 'CMakeFiles/cmTC_bbedf.dir/CMakeCCompilerABI.c.o' '-c' '-mtune=generic' '-march=x86-64'
 as -v --64 -o CMakeFiles/cmTC_bbedf.dir/CMakeCCompilerABI.c.o /tmp/ccQ8aGSu.s
GNU assembler version 2.30 (x86_64-linux-gnu) using BFD version (GNU Binutils for Ubuntu) 2.30
COMPILER_PATH=/usr/lib/gcc/x86_64-linux-gnu/7/:/usr/lib/gcc/x86_64-linux-gnu/7/:/usr/lib/gcc/x86_64-linux-gnu/:/usr/lib/gcc/x86_64-linux-gnu/7/:/usr/lib/gcc/x86_64-linux-gnu/
LIBRARY_PATH=/usr/lib/gcc/x86_64-linux-gnu/7/:/usr/lib/gcc/x86_64-linux-gnu/7/../../../x86_64-linux-gnu/:/usr/lib/gcc/x86_64-linux-gnu/7/../../../../lib/:/lib/x86_64-linux-gnu/:/lib/../lib/:/usr/lib/x86_64-linux-gnu/:/usr/lib/../lib/:/usr/lib/gcc/x86_64-linux-gnu/7/../../../:/lib/:/usr/lib/
COLLECT_GCC_OPTIONS='-fPIE' '-v' '-o' 'CMakeFiles/cmTC_bbedf.dir/CMakeCCompilerABI.c.o' '-c' '-mtune=generic' '-march=x86-64'
Linking C executable cmTC_bbedf
/usr/local/bin/cmake -E cmake_link_script CMakeFiles/cmTC_bbedf.dir/link.txt --verbose=1
/usr/bin/cc  -v CMakeFiles/cmTC_bbedf.dir/CMakeCCompilerABI.c.o -o cmTC_bbedf 
Using built-in specs.
COLLECT_GCC=/usr/bin/cc
COLLECT_LTO_WRAPPER=/usr/lib/gcc/x86_64-linux-gnu/7/lto-wrapper
OFFLOAD_TARGET_NAMES=nvptx-none
OFFLOAD_TARGET_DEFAULT=1
Target: x86_64-linux-gnu
Configured with: ../src/configure -v --with-pkgversion='Ubuntu 7.5.0-3ubuntu1~18.04' --with-bugurl=file:///usr/share/doc/gcc-7/README.Bugs --enable-languages=c,ada,c++,go,brig,d,fortran,objc,obj-c++ --prefix=/usr --with-gcc-major-version-only --program-suffix=-7 --program-prefix=x86_64-linux-gnu- --enable-shared --enable-linker-build-id --libexecdir=/usr/lib --without-included-gettext --enable-threads=posix --libdir=/usr/lib --enable-nls --enable-bootstrap --enable-clocale=gnu --enable-libstdcxx-debug --enable-libstdcxx-time=yes --with-default-libstdcxx-abi=new --enable-gnu-unique-object --disable-vtable-verify --enable-libmpx --enable-plugin --enable-default-pie --with-system-zlib --with-target-system-zlib --enable-objc-gc=auto --enable-multiarch --disable-werror --with-arch-32=i686 --with-abi=m64 --with-multilib-list=m32,m64,mx32 --enable-multilib --with-tune=generic --enable-offload-targets=nvptx-none --without-cuda-driver --enable-checking=release --build=x86_64-linux-gnu --host=x86_64-linux-gnu --target=x86_64-linux-gnu
Thread model: posix
gcc version 7.5.0 (Ubuntu 7.5.0-3ubuntu1~18.04) 
COMPILER_PATH=/usr/lib/gcc/x86_64-linux-gnu/7/:/usr/lib/gcc/x86_64-linux-gnu/7/:/usr/lib/gcc/x86_64-linux-gnu/:/usr/lib/gcc/x86_64-linux-gnu/7/:/usr/lib/gcc/x86_64-linux-gnu/
LIBRARY_PATH=/usr/lib/gcc/x86_64-linux-gnu/7/:/usr/lib/gcc/x86_64-linux-gnu/7/../../../x86_64-linux-gnu/:/usr/lib/gcc/x86_64-linux-gnu/7/../../../../lib/:/lib/x86_64-linux-gnu/:/lib/../lib/:/usr/lib/x86_64-linux-gnu/:/usr/lib/../lib/:/usr/lib/gcc/x86_64-linux-gnu/7/../../../:/lib/:/usr/lib/
COLLECT_GCC_OPTIONS='-v' '-o' 'cmTC_bbedf' '-mtune=generic' '-march=x86-64'
 /usr/lib/gcc/x86_64-linux-gnu/7/collect2 -plugin /usr/lib/gcc/x86_64-linux-gnu/7/liblto_plugin.so -plugin-opt=/usr/lib/gcc/x86_64-linux-gnu/7/lto-wrapper -plugin-opt=-fresolution=/tmp/ccgu86ky.res -plugin-opt=-pass-through=-lgcc -plugin-opt=-pass-through=-lgcc_s -plugin-opt=-pass-through=-lc -plugin-opt=-pass-through=-lgcc -plugin-opt=-pass-through=-lgcc_s --build-id --eh-frame-hdr -m elf_x86_64 --hash-style=gnu --as-needed -dynamic-linker /lib64/ld-linux-x86-64.so.2 -pie -z now -z relro -o cmTC_bbedf /usr/lib/gcc/x86_64-linux-gnu/7/../../../x86_64-linux-gnu/Scrt1.o /usr/lib/gcc/x86_64-linux-gnu/7/../../../x86_64-linux-gnu/crti.o /usr/lib/gcc/x86_64-linux-gnu/7/crtbeginS.o -L/usr/lib/gcc/x86_64-linux-gnu/7 -L/usr/lib/gcc/x86_64-linux-gnu/7/../../../x86_64-linux-gnu -L/usr/lib/gcc/x86_64-linux-gnu/7/../../../../lib -L/lib/x86_64-linux-gnu -L/lib/../lib -L/usr/lib/x86_64-linux-gnu -L/usr/lib/../lib -L/usr/lib/gcc/x86_64-linux-gnu/7/../../.. CMakeFiles/cmTC_bbedf.dir/CMakeCCompilerABI.c.o -lgcc --push-state --as-needed -lgcc_s --pop-state -lc -lgcc --push-state --as-needed -lgcc_s --pop-state /usr/lib/gcc/x86_64-linux-gnu/7/crtendS.o /usr/lib/gcc/x86_64-linux-gnu/7/../../../x86_64-linux-gnu/crtn.o
COLLECT_GCC_OPTIONS='-v' '-o' 'cmTC_bbedf' '-mtune=generic' '-march=x86-64'
make[1]: Leaving directory '/home/hiw/WebRTC2/libdatachannel/build/CMakeFiles/CMakeTmp'



Parsed C implicit include dir info from above output: rv=done
  found start of include info
  found start of implicit include info
    add: [/usr/lib/gcc/x86_64-linux-gnu/7/include]
    add: [/usr/local/include]
    add: [/usr/lib/gcc/x86_64-linux-gnu/7/include-fixed]
    add: [/usr/include/x86_64-linux-gnu]
    add: [/usr/include]
  end of search list found
  collapse include dir [/usr/lib/gcc/x86_64-linux-gnu/7/include] ==> [/usr/lib/gcc/x86_64-linux-gnu/7/include]
  collapse include dir [/usr/local/include] ==> [/usr/local/include]
  collapse include dir [/usr/lib/gcc/x86_64-linux-gnu/7/include-fixed] ==> [/usr/lib/gcc/x86_64-linux-gnu/7/include-fixed]
  collapse include dir [/usr/include/x86_64-linux-gnu] ==> [/usr/include/x86_64-linux-gnu]
  collapse include dir [/usr/include] ==> [/usr/include]
  implicit include dirs: [/usr/lib/gcc/x86_64-linux-gnu/7/include;/usr/local/include;/usr/lib/gcc/x86_64-linux-gnu/7/include-fixed;/usr/include/x86_64-linux-gnu;/usr/include]


Parsed C implicit link information from above output:
  link line regex: [^( *|.*[/\])(ld|CMAKE_LINK_STARTFILE-NOTFOUND|([^/\]+-)?ld|collect2)[^/\]*( |$)]
  ignore line: [Change Dir: /home/hiw/WebRTC2/libdatachannel/build/CMakeFiles/CMakeTmp]
  ignore line: []
  ignore line: [Run Build Command(s):/usr/bin/make -f Makefile cmTC_bbedf/fast && /usr/bin/make  -f CMakeFiles/cmTC_bbedf.dir/build.make CMakeFiles/cmTC_bbedf.dir/build]
  ignore line: [make[1]: Entering directory '/home/hiw/WebRTC2/libdatachannel/build/CMakeFiles/CMakeTmp']
  ignore line: [Building C object CMakeFiles/cmTC_bbedf.dir/CMakeCCompilerABI.c.o]
  ignore line: [/usr/bin/cc   -fPIE   -v -o CMakeFiles/cmTC_bbedf.dir/CMakeCCompilerABI.c.o -c /usr/local/share/cmake-3.20/Modules/CMakeCCompilerABI.c]
  ignore line: [Using built-in specs.]
  ignore line: [COLLECT_GCC=/usr/bin/cc]
  ignore line: [OFFLOAD_TARGET_NAMES=nvptx-none]
  ignore line: [OFFLOAD_TARGET_DEFAULT=1]
  ignore line: [Target: x86_64-linux-gnu]
  ignore line: [Configured with: ../src/configure -v --with-pkgversion='Ubuntu 7.5.0-3ubuntu1~18.04' --with-bugurl=file:///usr/share/doc/gcc-7/README.Bugs --enable-languages=c ada c++ go brig d fortran objc obj-c++ --prefix=/usr --with-gcc-major-version-only --program-suffix=-7 --program-prefix=x86_64-linux-gnu- --enable-shared --enable-linker-build-id --libexecdir=/usr/lib --without-included-gettext --enable-threads=posix --libdir=/usr/lib --enable-nls --enable-bootstrap --enable-clocale=gnu --enable-libstdcxx-debug --enable-libstdcxx-time=yes --with-default-libstdcxx-abi=new --enable-gnu-unique-object --disable-vtable-verify --enable-libmpx --enable-plugin --enable-default-pie --with-system-zlib --with-target-system-zlib --enable-objc-gc=auto --enable-multiarch --disable-werror --with-arch-32=i686 --with-abi=m64 --with-multilib-list=m32 m64 mx32 --enable-multilib --with-tune=generic --enable-offload-targets=nvptx-none --without-cuda-driver --enable-checking=release --build=x86_64-linux-gnu --host=x86_64-linux-gnu --target=x86_64-linux-gnu]
  ignore line: [Thread model: posix]
  ignore line: [gcc version 7.5.0 (Ubuntu 7.5.0-3ubuntu1~18.04) ]
  ignore line: [COLLECT_GCC_OPTIONS='-fPIE' '-v' '-o' 'CMakeFiles/cmTC_bbedf.dir/CMakeCCompilerABI.c.o' '-c' '-mtune=generic' '-march=x86-64']
  ignore line: [ /usr/lib/gcc/x86_64-linux-gnu/7/cc1 -quiet -v -imultiarch x86_64-linux-gnu /usr/local/share/cmake-3.20/Modules/CMakeCCompilerABI.c -quiet -dumpbase CMakeCCompilerABI.c -mtune=generic -march=x86-64 -auxbase-strip CMakeFiles/cmTC_bbedf.dir/CMakeCCompilerABI.c.o -version -fPIE -fstack-protector-strong -Wformat -Wformat-security -o /tmp/ccQ8aGSu.s]
  ignore line: [GNU C11 (Ubuntu 7.5.0-3ubuntu1~18.04) version 7.5.0 (x86_64-linux-gnu)]
  ignore line: [	compiled by GNU C version 7.5.0  GMP version 6.1.2  MPFR version 4.0.1  MPC version 1.1.0  isl version isl-0.19-GMP]
  ignore line: []
  ignore line: [GGC heuristics: --param ggc-min-expand=100 --param ggc-min-heapsize=131072]
  ignore line: [ignoring nonexistent directory "/usr/local/include/x86_64-linux-gnu"]
  ignore line: [ignoring nonexistent directory "/usr/lib/gcc/x86_64-linux-gnu/7/../../../../x86_64-linux-gnu/include"]
  ignore line: [#include "..." search starts here:]
  ignore line: [#include <...> search starts here:]
  ignore line: [ /usr/lib/gcc/x86_64-linux-gnu/7/include]
  ignore line: [ /usr/local/include]
  ignore line: [ /usr/lib/gcc/x86_64-linux-gnu/7/include-fixed]
  ignore line: [ /usr/include/x86_64-linux-gnu]
  ignore line: [ /usr/include]
  ignore line: [End of search list.]
  ignore line: [GNU C11 (Ubuntu 7.5.0-3ubuntu1~18.04) version 7.5.0 (x86_64-linux-gnu)]
  ignore line: [	compiled by GNU C version 7.5.0  GMP version 6.1.2  MPFR version 4.0.1  MPC version 1.1.0  isl version isl-0.19-GMP]
  ignore line: []
  ignore line: [GGC heuristics: --param ggc-min-expand=100 --param ggc-min-heapsize=131072]
  ignore line: [Compiler executable checksum: b62ed4a2880cd4159476ea8293b72fa8]
  ignore line: [COLLECT_GCC_OPTIONS='-fPIE' '-v' '-o' 'CMakeFiles/cmTC_bbedf.dir/CMakeCCompilerABI.c.o' '-c' '-mtune=generic' '-march=x86-64']
  ignore line: [ as -v --64 -o CMakeFiles/cmTC_bbedf.dir/CMakeCCompilerABI.c.o /tmp/ccQ8aGSu.s]
  ignore line: [GNU assembler version 2.30 (x86_64-linux-gnu) using BFD version (GNU Binutils for Ubuntu) 2.30]
  ignore line: [COMPILER_PATH=/usr/lib/gcc/x86_64-linux-gnu/7/:/usr/lib/gcc/x86_64-linux-gnu/7/:/usr/lib/gcc/x86_64-linux-gnu/:/usr/lib/gcc/x86_64-linux-gnu/7/:/usr/lib/gcc/x86_64-linux-gnu/]
  ignore line: [LIBRARY_PATH=/usr/lib/gcc/x86_64-linux-gnu/7/:/usr/lib/gcc/x86_64-linux-gnu/7/../../../x86_64-linux-gnu/:/usr/lib/gcc/x86_64-linux-gnu/7/../../../../lib/:/lib/x86_64-linux-gnu/:/lib/../lib/:/usr/lib/x86_64-linux-gnu/:/usr/lib/../lib/:/usr/lib/gcc/x86_64-linux-gnu/7/../../../:/lib/:/usr/lib/]
  ignore line: [COLLECT_GCC_OPTIONS='-fPIE' '-v' '-o' 'CMakeFiles/cmTC_bbedf.dir/CMakeCCompilerABI.c.o' '-c' '-mtune=generic' '-march=x86-64']
  ignore line: [Linking C executable cmTC_bbedf]
  ignore line: [/usr/local/bin/cmake -E cmake_link_script CMakeFiles/cmTC_bbedf.dir/link.txt --verbose=1]
  ignore line: [/usr/bin/cc  -v CMakeFiles/cmTC_bbedf.dir/CMakeCCompilerABI.c.o -o cmTC_bbedf ]
  ignore line: [Using built-in specs.]
  ignore line: [COLLECT_GCC=/usr/bin/cc]
  ignore line: [COLLECT_LTO_WRAPPER=/usr/lib/gcc/x86_64-linux-gnu/7/lto-wrapper]
  ignore line: [OFFLOAD_TARGET_NAMES=nvptx-none]
  ignore line: [OFFLOAD_TARGET_DEFAULT=1]
  ignore line: [Target: x86_64-linux-gnu]
  ignore line: [Configured with: ../src/configure -v --with-pkgversion='Ubuntu 7.5.0-3ubuntu1~18.04' --with-bugurl=file:///usr/share/doc/gcc-7/README.Bugs --enable-languages=c ada c++ go brig d fortran objc obj-c++ --prefix=/usr --with-gcc-major-version-only --program-suffix=-7 --program-prefix=x86_64-linux-gnu- --enable-shared --enable-linker-build-id --libexecdir=/usr/lib --without-included-gettext --enable-threads=posix --libdir=/usr/lib --enable-nls --enable-bootstrap --enable-clocale=gnu --enable-libstdcxx-debug --enable-libstdcxx-time=yes --with-default-libstdcxx-abi=new --enable-gnu-unique-object --disable-vtable-verify --enable-libmpx --enable-plugin --enable-default-pie --with-system-zlib --with-target-system-zlib --enable-objc-gc=auto --enable-multiarch --disable-werror --with-arch-32=i686 --with-abi=m64 --with-multilib-list=m32 m64 mx32 --enable-multilib --with-tune=generic --enable-offload-targets=nvptx-none --without-cuda-driver --enable-checking=release --build=x86_64-linux-gnu --host=x86_64-linux-gnu --target=x86_64-linux-gnu]
  ignore line: [Thread model: posix]
  ignore line: [gcc version 7.5.0 (Ubuntu 7.5.0-3ubuntu1~18.04) ]
  ignore line: [COMPILER_PATH=/usr/lib/gcc/x86_64-linux-gnu/7/:/usr/lib/gcc/x86_64-linux-gnu/7/:/usr/lib/gcc/x86_64-linux-gnu/:/usr/lib/gcc/x86_64-linux-gnu/7/:/usr/lib/gcc/x86_64-linux-gnu/]
  ignore line: [LIBRARY_PATH=/usr/lib/gcc/x86_64-linux-gnu/7/:/usr/lib/gcc/x86_64-linux-gnu/7/../../../x86_64-linux-gnu/:/usr/lib/gcc/x86_64-linux-gnu/7/../../../../lib/:/lib/x86_64-linux-gnu/:/lib/../lib/:/usr/lib/x86_64-linux-gnu/:/usr/lib/../lib/:/usr/lib/gcc/x86_64-linux-gnu/7/../../../:/lib/:/usr/lib/]
  ignore line: [COLLECT_GCC_OPTIONS='-v' '-o' 'cmTC_bbedf' '-mtune=generic' '-march=x86-64']
  link line: [ /usr/lib/gcc/x86_64-linux-gnu/7/collect2 -plugin /usr/lib/gcc/x86_64-linux-gnu/7/liblto_plugin.so -plugin-opt=/usr/lib/gcc/x86_64-linux-gnu/7/lto-wrapper -plugin-opt=-fresolution=/tmp/ccgu86ky.res -plugin-opt=-pass-through=-lgcc -plugin-opt=-pass-through=-lgcc_s -plugin-opt=-pass-through=-lc -plugin-opt=-pass-through=-lgcc -plugin-opt=-pass-through=-lgcc_s --build-id --eh-frame-hdr -m elf_x86_64 --hash-style=gnu --as-needed -dynamic-linker /lib64/ld-linux-x86-64.so.2 -pie -z now -z relro -o cmTC_bbedf /usr/lib/gcc/x86_64-linux-gnu/7/../../../x86_64-linux-gnu/Scrt1.o /usr/lib/gcc/x86_64-linux-gnu/7/../../../x86_64-linux-gnu/crti.o /usr/lib/gcc/x86_64-linux-gnu/7/crtbeginS.o -L/usr/lib/gcc/x86_64-linux-gnu/7 -L/usr/lib/gcc/x86_64-linux-gnu/7/../../../x86_64-linux-gnu -L/usr/lib/gcc/x86_64-linux-gnu/7/../../../../lib -L/lib/x86_64-linux-gnu -L/lib/../lib -L/usr/lib/x86_64-linux-gnu -L/usr/lib/../lib -L/usr/lib/gcc/x86_64-linux-gnu/7/../../.. CMakeFiles/cmTC_bbedf.dir/CMakeCCompilerABI.c.o -lgcc --push-state --as-needed -lgcc_s --pop-state -lc -lgcc --push-state --as-needed -lgcc_s --pop-state /usr/lib/gcc/x86_64-linux-gnu/7/crtendS.o /usr/lib/gcc/x86_64-linux-gnu/7/../../../x86_64-linux-gnu/crtn.o]
    arg [/usr/lib/gcc/x86_64-linux-gnu/7/collect2] ==> ignore
    arg [-plugin] ==> ignore
    arg [/usr/lib/gcc/x86_64-linux-gnu/7/liblto_plugin.so] ==> ignore
    arg [-plugin-opt=/usr/lib/gcc/x86_64-linux-gnu/7/lto-wrapper] ==> ignore
    arg [-plugin-opt=-fresolution=/tmp/ccgu86ky.res] ==> ignore
    arg [-plugin-opt=-pass-through=-lgcc] ==> ignore
    arg [-plugin-opt=-pass-through=-lgcc_s] ==> ignore
    arg [-plugin-opt=-pass-through=-lc] ==> ignore
    arg [-plugin-opt=-pass-through=-lgcc] ==> ignore
    arg [-plugin-opt=-pass-through=-lgcc_s] ==> ignore
    arg [--build-id] ==> ignore
    arg [--eh-frame-hdr] ==> ignore
    arg [-m] ==> ignore
    arg [elf_x86_64] ==> ignore
    arg [--hash-style=gnu] ==> ignore
    arg [--as-needed] ==> ignore
    arg [-dynamic-linker] ==> ignore
    arg [/lib64/ld-linux-x86-64.so.2] ==> ignore
    arg [-pie] ==> ignore
    arg [-znow] ==> ignore
    arg [-zrelro] ==> ignore
    arg [-o] ==> ignore
    arg [cmTC_bbedf] ==> ignore
    arg [/usr/lib/gcc/x86_64-linux-gnu/7/../../../x86_64-linux-gnu/Scrt1.o] ==> obj [/usr/lib/gcc/x86_64-linux-gnu/7/../../../x86_64-linux-gnu/Scrt1.o]
    arg [/usr/lib/gcc/x86_64-linux-gnu/7/../../../x86_64-linux-gnu/crti.o] ==> obj [/usr/lib/gcc/x86_64-linux-gnu/7/../../../x86_64-linux-gnu/crti.o]
    arg [/usr/lib/gcc/x86_64-linux-gnu/7/crtbeginS.o] ==> obj [/usr/lib/gcc/x86_64-linux-gnu/7/crtbeginS.o]
    arg [-L/usr/lib/gcc/x86_64-linux-gnu/7] ==> dir [/usr/lib/gcc/x86_64-linux-gnu/7]
    arg [-L/usr/lib/gcc/x86_64-linux-gnu/7/../../../x86_64-linux-gnu] ==> dir [/usr/lib/gcc/x86_64-linux-gnu/7/../../../x86_64-linux-gnu]
    arg [-L/usr/lib/gcc/x86_64-linux-gnu/7/../../../../lib] ==> dir [/usr/lib/gcc/x86_64-linux-gnu/7/../../../../lib]
    arg [-L/lib/x86_64-linux-gnu] ==> dir [/lib/x86_64-linux-gnu]
    arg [-L/lib/../lib] ==> dir [/lib/../lib]
    arg [-L/usr/lib/x86_64-linux-gnu] ==> dir [/usr/lib/x86_64-linux-gnu]
    arg [-L/usr/lib/../lib] ==> dir [/usr/lib/../lib]
    arg [-L/usr/lib/gcc/x86_64-linux-gnu/7/../../..] ==> dir [/usr/lib/gcc/x86_64-linux-gnu/7/../../..]
    arg [CMakeFiles/cmTC_bbedf.dir/CMakeCCompilerABI.c.o] ==> ignore
    arg [-lgcc] ==> lib [gcc]
    arg [--push-state] ==> ignore
    arg [--as-needed] ==> ignore
    arg [-lgcc_s] ==> lib [gcc_s]
    arg [--pop-state] ==> ignore
    arg [-lc] ==> lib [c]
    arg [-lgcc] ==> lib [gcc]
    arg [--push-state] ==> ignore
    arg [--as-needed] ==> ignore
    arg [-lgcc_s] ==> lib [gcc_s]
    arg [--pop-state] ==> ignore
    arg [/usr/lib/gcc/x86_64-linux-gnu/7/crtendS.o] ==> obj [/usr/lib/gcc/x86_64-linux-gnu/7/crtendS.o]
    arg [/usr/lib/gcc/x86_64-linux-gnu/7/../../../x86_64-linux-gnu/crtn.o] ==> obj [/usr/lib/gcc/x86_64-linux-gnu/7/../../../x86_64-linux-gnu/crtn.o]
  collapse obj [/usr/lib/gcc/x86_64-linux-gnu/7/../../../x86_64-linux-gnu/Scrt1.o] ==> [/usr/lib/x86_64-linux-gnu/Scrt1.o]
  collapse obj [/usr/lib/gcc/x86_64-linux-gnu/7/../../../x86_64-linux-gnu/crti.o] ==> [/usr/lib/x86_64-linux-gnu/crti.o]
  collapse obj [/usr/lib/gcc/x86_64-linux-gnu/7/../../../x86_64-linux-gnu/crtn.o] ==> [/usr/lib/x86_64-linux-gnu/crtn.o]
  collapse library dir [/usr/lib/gcc/x86_64-linux-gnu/7] ==> [/usr/lib/gcc/x86_64-linux-gnu/7]
  collapse library dir [/usr/lib/gcc/x86_64-linux-gnu/7/../../../x86_64-linux-gnu] ==> [/usr/lib/x86_64-linux-gnu]
  collapse library dir [/usr/lib/gcc/x86_64-linux-gnu/7/../../../../lib] ==> [/usr/lib]
  collapse library dir [/lib/x86_64-linux-gnu] ==> [/lib/x86_64-linux-gnu]
  collapse library dir [/lib/../lib] ==> [/lib]
  collapse library dir [/usr/lib/x86_64-linux-gnu] ==> [/usr/lib/x86_64-linux-gnu]
  collapse library dir [/usr/lib/../lib] ==> [/usr/lib]
  collapse library dir [/usr/lib/gcc/x86_64-linux-gnu/7/../../..] ==> [/usr/lib]
  implicit libs: [gcc;gcc_s;c;gcc;gcc_s]
  implicit objs: [/usr/lib/x86_64-linux-gnu/Scrt1.o;/usr/lib/x86_64-linux-gnu/crti.o;/usr/lib/gcc/x86_64-linux-gnu/7/crtbeginS.o;/usr/lib/gcc/x86_64-linux-gnu/7/crtendS.o;/usr/lib/x86_64-linux-gnu/crtn.o]
  implicit dirs: [/usr/lib/gcc/x86_64-linux-gnu/7;/usr/lib/x86_64-linux-gnu;/usr/lib;/lib/x86_64-linux-gnu;/lib]
  implicit fwks: []


Determining if files sys/queue.h exist passed with the following output:
Change Dir: /home/hiw/WebRTC2/libdatachannel/build/CMakeFiles/CMakeTmp

Run Build Command(s):/usr/bin/make -f Makefile cmTC_38e8b/fast && /usr/bin/make  -f CMakeFiles/cmTC_38e8b.dir/build.make CMakeFiles/cmTC_38e8b.dir/build
make[1]: Entering directory '/home/hiw/WebRTC2/libdatachannel/build/CMakeFiles/CMakeTmp'
Building C object CMakeFiles/cmTC_38e8b.dir/have_sys_queue_h.c.o
/usr/bin/cc   -fPIE -o CMakeFiles/cmTC_38e8b.dir/have_sys_queue_h.c.o -c /home/hiw/WebRTC2/libdatachannel/build/CMakeFiles/CheckIncludeFiles/have_sys_queue_h.c
Linking C executable cmTC_38e8b
/usr/local/bin/cmake -E cmake_link_script CMakeFiles/cmTC_38e8b.dir/link.txt --verbose=1
/usr/bin/cc -rdynamic CMakeFiles/cmTC_38e8b.dir/have_sys_queue_h.c.o -o cmTC_38e8b 
make[1]: Leaving directory '/home/hiw/WebRTC2/libdatachannel/build/CMakeFiles/CMakeTmp'



Determining if files sys/socket.h;linux/if_addr.h exist passed with the following output:
Change Dir: /home/hiw/WebRTC2/libdatachannel/build/CMakeFiles/CMakeTmp

Run Build Command(s):/usr/bin/make -f Makefile cmTC_29ce8/fast && /usr/bin/make  -f CMakeFiles/cmTC_29ce8.dir/build.make CMakeFiles/cmTC_29ce8.dir/build
make[1]: Entering directory '/home/hiw/WebRTC2/libdatachannel/build/CMakeFiles/CMakeTmp'
Building C object CMakeFiles/cmTC_29ce8.dir/have_linux_if_addr_h.c.o
/usr/bin/cc   -fPIE -o CMakeFiles/cmTC_29ce8.dir/have_linux_if_addr_h.c.o -c /home/hiw/WebRTC2/libdatachannel/build/CMakeFiles/CheckIncludeFiles/have_linux_if_addr_h.c
Linking C executable cmTC_29ce8
/usr/local/bin/cmake -E cmake_link_script CMakeFiles/cmTC_29ce8.dir/link.txt --verbose=1
/usr/bin/cc -rdynamic CMakeFiles/cmTC_29ce8.dir/have_linux_if_addr_h.c.o -o cmTC_29ce8 
make[1]: Leaving directory '/home/hiw/WebRTC2/libdatachannel/build/CMakeFiles/CMakeTmp'



Determining if files sys/socket.h;linux/rtnetlink.h exist passed with the following output:
Change Dir: /home/hiw/WebRTC2/libdatachannel/build/CMakeFiles/CMakeTmp

Run Build Command(s):/usr/bin/make -f Makefile cmTC_2be67/fast && /usr/bin/make  -f CMakeFiles/cmTC_2be67.dir/build.make CMakeFiles/cmTC_2be67.dir/build
make[1]: Entering directory '/home/hiw/WebRTC2/libdatachannel/build/CMakeFiles/CMakeTmp'
Building C object CMakeFiles/cmTC_2be67.dir/have_linux_rtnetlink_h.c.o
/usr/bin/cc   -fPIE -o CMakeFiles/cmTC_2be67.dir/have_linux_rtnetlink_h.c.o -c /home/hiw/WebRTC2/libdatachannel/build/CMakeFiles/CheckIncludeFiles/have_linux_rtnetlink_h.c
Linking C executable cmTC_2be67
/usr/local/bin/cmake -E cmake_link_script CMakeFiles/cmTC_2be67.dir/link.txt --verbose=1
/usr/bin/cc -rdynamic CMakeFiles/cmTC_2be67.dir/have_linux_rtnetlink_h.c.o -o cmTC_2be67 
make[1]: Leaving directory '/home/hiw/WebRTC2/libdatachannel/build/CMakeFiles/CMakeTmp'



Determining if files sys/types.h;netinet/in.h;netinet/ip.h;netinet/ip_icmp.h exist passed with the following output:
Change Dir: /home/hiw/WebRTC2/libdatachannel/build/CMakeFiles/CMakeTmp

Run Build Command(s):/usr/bin/make -f Makefile cmTC_44a4c/fast && /usr/bin/make  -f CMakeFiles/cmTC_44a4c.dir/build.make CMakeFiles/cmTC_44a4c.dir/build
make[1]: Entering directory '/home/hiw/WebRTC2/libdatachannel/build/CMakeFiles/CMakeTmp'
Building C object CMakeFiles/cmTC_44a4c.dir/have_netinet_ip_icmp_h.c.o
/usr/bin/cc   -fPIE -o CMakeFiles/cmTC_44a4c.dir/have_netinet_ip_icmp_h.c.o -c /home/hiw/WebRTC2/libdatachannel/build/CMakeFiles/CheckIncludeFiles/have_netinet_ip_icmp_h.c
Linking C executable cmTC_44a4c
/usr/local/bin/cmake -E cmake_link_script CMakeFiles/cmTC_44a4c.dir/link.txt --verbose=1
/usr/bin/cc -rdynamic CMakeFiles/cmTC_44a4c.dir/have_netinet_ip_icmp_h.c.o -o cmTC_44a4c 
make[1]: Leaving directory '/home/hiw/WebRTC2/libdatachannel/build/CMakeFiles/CMakeTmp'



Determining if files stdatomic.h exist passed with the following output:
Change Dir: /home/hiw/WebRTC2/libdatachannel/build/CMakeFiles/CMakeTmp

Run Build Command(s):/usr/bin/make -f Makefile cmTC_a0909/fast && /usr/bin/make  -f CMakeFiles/cmTC_a0909.dir/build.make CMakeFiles/cmTC_a0909.dir/build
make[1]: Entering directory '/home/hiw/WebRTC2/libdatachannel/build/CMakeFiles/CMakeTmp'
Building C object CMakeFiles/cmTC_a0909.dir/have_stdatomic_h.c.o
/usr/bin/cc   -fPIE -o CMakeFiles/cmTC_a0909.dir/have_stdatomic_h.c.o -c /home/hiw/WebRTC2/libdatachannel/build/CMakeFiles/CheckIncludeFiles/have_stdatomic_h.c
Linking C executable cmTC_a0909
/usr/local/bin/cmake -E cmake_link_script CMakeFiles/cmTC_a0909.dir/link.txt --verbose=1
/usr/bin/cc -rdynamic CMakeFiles/cmTC_a0909.dir/have_stdatomic_h.c.o -o cmTC_a0909 
make[1]: Leaving directory '/home/hiw/WebRTC2/libdatachannel/build/CMakeFiles/CMakeTmp'



Determining if the include file usrsctp.h exists passed with the following output:
Change Dir: /home/hiw/WebRTC2/libdatachannel/build/CMakeFiles/CMakeTmp

Run Build Command(s):/usr/bin/make -f Makefile cmTC_264f4/fast && /usr/bin/make  -f CMakeFiles/cmTC_264f4.dir/build.make CMakeFiles/cmTC_264f4.dir/build
make[1]: Entering directory '/home/hiw/WebRTC2/libdatachannel/build/CMakeFiles/CMakeTmp'
Building C object CMakeFiles/cmTC_264f4.dir/CheckIncludeFile.c.o
/usr/bin/cc  -I/home/hiw/WebRTC2/libdatachannel/deps/usrsctp/usrsctplib -fPIE -o CMakeFiles/cmTC_264f4.dir/CheckIncludeFile.c.o -c /home/hiw/WebRTC2/libdatachannel/build/CMakeFiles/CMakeTmp/CheckIncludeFile.c
Linking C executable cmTC_264f4
/usr/local/bin/cmake -E cmake_link_script CMakeFiles/cmTC_264f4.dir/link.txt --verbose=1
/usr/bin/cc -rdynamic CMakeFiles/cmTC_264f4.dir/CheckIncludeFile.c.o -o cmTC_264f4 
make[1]: Leaving directory '/home/hiw/WebRTC2/libdatachannel/build/CMakeFiles/CMakeTmp'



Performing C SOURCE FILE Test has_wfloat_equal succeeded with the following output:
Change Dir: /home/hiw/WebRTC2/libdatachannel/build/CMakeFiles/CMakeTmp

Run Build Command(s):/usr/bin/make -f Makefile cmTC_5fbce/fast && /usr/bin/make  -f CMakeFiles/cmTC_5fbce.dir/build.make CMakeFiles/cmTC_5fbce.dir/build
make[1]: Entering directory '/home/hiw/WebRTC2/libdatachannel/build/CMakeFiles/CMakeTmp'
Building C object CMakeFiles/cmTC_5fbce.dir/src.c.o
/usr/bin/cc -Dhas_wfloat_equal -I/home/hiw/WebRTC2/libdatachannel/deps/usrsctp/usrsctplib -std=c99 -pedantic -Wall -Wextra  -fPIE   -Wfloat-equal -o CMakeFiles/cmTC_5fbce.dir/src.c.o -c /home/hiw/WebRTC2/libdatachannel/build/CMakeFiles/CMakeTmp/src.c
Linking C executable cmTC_5fbce
/usr/local/bin/cmake -E cmake_link_script CMakeFiles/cmTC_5fbce.dir/link.txt --verbose=1
/usr/bin/cc  -std=c99 -pedantic -Wall -Wextra  CMakeFiles/cmTC_5fbce.dir/src.c.o -o cmTC_5fbce 
make[1]: Leaving directory '/home/hiw/WebRTC2/libdatachannel/build/CMakeFiles/CMakeTmp'


Source file was:
int main(void) { return 0; }
Performing C SOURCE FILE Test has_wshadow succeeded with the following output:
Change Dir: /home/hiw/WebRTC2/libdatachannel/build/CMakeFiles/CMakeTmp

Run Build Command(s):/usr/bin/make -f Makefile cmTC_526f3/fast && /usr/bin/make  -f CMakeFiles/cmTC_526f3.dir/build.make CMakeFiles/cmTC_526f3.dir/build
make[1]: Entering directory '/home/hiw/WebRTC2/libdatachannel/build/CMakeFiles/CMakeTmp'
Building C object CMakeFiles/cmTC_526f3.dir/src.c.o
/usr/bin/cc -Dhas_wshadow -I/home/hiw/WebRTC2/libdatachannel/deps/usrsctp/usrsctplib -std=c99 -pedantic -Wall -Wextra -Wfloat-equal  -fPIE   -Wshadow -o CMakeFiles/cmTC_526f3.dir/src.c.o -c /home/hiw/WebRTC2/libdatachannel/build/CMakeFiles/CMakeTmp/src.c
Linking C executable cmTC_526f3
/usr/local/bin/cmake -E cmake_link_script CMakeFiles/cmTC_526f3.dir/link.txt --verbose=1
/usr/bin/cc  -std=c99 -pedantic -Wall -Wextra -Wfloat-equal  CMakeFiles/cmTC_526f3.dir/src.c.o -o cmTC_526f3 
make[1]: Leaving directory '/home/hiw/WebRTC2/libdatachannel/build/CMakeFiles/CMakeTmp'


Source file was:
int main(void) { return 0; }
Performing C SOURCE FILE Test has_wpointer_aritih succeeded with the following output:
Change Dir: /home/hiw/WebRTC2/libdatachannel/build/CMakeFiles/CMakeTmp

Run Build Command(s):/usr/bin/make -f Makefile cmTC_18636/fast && /usr/bin/make  -f CMakeFiles/cmTC_18636.dir/build.make CMakeFiles/cmTC_18636.dir/build
make[1]: Entering directory '/home/hiw/WebRTC2/libdatachannel/build/CMakeFiles/CMakeTmp'
Building C object CMakeFiles/cmTC_18636.dir/src.c.o
/usr/bin/cc -Dhas_wpointer_aritih -I/home/hiw/WebRTC2/libdatachannel/deps/usrsctp/usrsctplib -std=c99 -pedantic -Wall -Wextra -Wfloat-equal -Wshadow  -fPIE   -Wpointer-arith -o CMakeFiles/cmTC_18636.dir/src.c.o -c /home/hiw/WebRTC2/libdatachannel/build/CMakeFiles/CMakeTmp/src.c
Linking C executable cmTC_18636
/usr/local/bin/cmake -E cmake_link_script CMakeFiles/cmTC_18636.dir/link.txt --verbose=1
/usr/bin/cc  -std=c99 -pedantic -Wall -Wextra -Wfloat-equal -Wshadow  CMakeFiles/cmTC_18636.dir/src.c.o -o cmTC_18636 
make[1]: Leaving directory '/home/hiw/WebRTC2/libdatachannel/build/CMakeFiles/CMakeTmp'


Source file was:
int main(void) { return 0; }
Performing C SOURCE FILE Test has_wunreachable_code succeeded with the following output:
Change Dir: /home/hiw/WebRTC2/libdatachannel/build/CMakeFiles/CMakeTmp

Run Build Command(s):/usr/bin/make -f Makefile cmTC_a352f/fast && /usr/bin/make  -f CMakeFiles/cmTC_a352f.dir/build.make CMakeFiles/cmTC_a352f.dir/build
make[1]: Entering directory '/home/hiw/WebRTC2/libdatachannel/build/CMakeFiles/CMakeTmp'
Building C object CMakeFiles/cmTC_a352f.dir/src.c.o
/usr/bin/cc -Dhas_wunreachable_code -I/home/hiw/WebRTC2/libdatachannel/deps/usrsctp/usrsctplib -std=c99 -pedantic -Wall -Wextra -Wfloat-equal -Wshadow -Wpointer-arith  -fPIE   -Wunreachable-code -o CMakeFiles/cmTC_a352f.dir/src.c.o -c /home/hiw/WebRTC2/libdatachannel/build/CMakeFiles/CMakeTmp/src.c
Linking C executable cmTC_a352f
/usr/local/bin/cmake -E cmake_link_script CMakeFiles/cmTC_a352f.dir/link.txt --verbose=1
/usr/bin/cc  -std=c99 -pedantic -Wall -Wextra -Wfloat-equal -Wshadow -Wpointer-arith  CMakeFiles/cmTC_a352f.dir/src.c.o -o cmTC_a352f 
make[1]: Leaving directory '/home/hiw/WebRTC2/libdatachannel/build/CMakeFiles/CMakeTmp'


Source file was:
int main(void) { return 0; }
Performing C SOURCE FILE Test has_winit_self succeeded with the following output:
Change Dir: /home/hiw/WebRTC2/libdatachannel/build/CMakeFiles/CMakeTmp

Run Build Command(s):/usr/bin/make -f Makefile cmTC_06ad6/fast && /usr/bin/make  -f CMakeFiles/cmTC_06ad6.dir/build.make CMakeFiles/cmTC_06ad6.dir/build
make[1]: Entering directory '/home/hiw/WebRTC2/libdatachannel/build/CMakeFiles/CMakeTmp'
Building C object CMakeFiles/cmTC_06ad6.dir/src.c.o
/usr/bin/cc -Dhas_winit_self -I/home/hiw/WebRTC2/libdatachannel/deps/usrsctp/usrsctplib -std=c99 -pedantic -Wall -Wextra -Wfloat-equal -Wshadow -Wpointer-arith -Wunreachable-code  -fPIE   -Winit-self -o CMakeFiles/cmTC_06ad6.dir/src.c.o -c /home/hiw/WebRTC2/libdatachannel/build/CMakeFiles/CMakeTmp/src.c
Linking C executable cmTC_06ad6
/usr/local/bin/cmake -E cmake_link_script CMakeFiles/cmTC_06ad6.dir/link.txt --verbose=1
/usr/bin/cc  -std=c99 -pedantic -Wall -Wextra -Wfloat-equal -Wshadow -Wpointer-arith -Wunreachable-code  CMakeFiles/cmTC_06ad6.dir/src.c.o -o cmTC_06ad6 
make[1]: Leaving directory '/home/hiw/WebRTC2/libdatachannel/build/CMakeFiles/CMakeTmp'


Source file was:
int main(void) { return 0; }
Performing C SOURCE FILE Test has_wno_unused_function succeeded with the following output:
Change Dir: /home/hiw/WebRTC2/libdatachannel/build/CMakeFiles/CMakeTmp

Run Build Command(s):/usr/bin/make -f Makefile cmTC_03624/fast && /usr/bin/make  -f CMakeFiles/cmTC_03624.dir/build.make CMakeFiles/cmTC_03624.dir/build
make[1]: Entering directory '/home/hiw/WebRTC2/libdatachannel/build/CMakeFiles/CMakeTmp'
Building C object CMakeFiles/cmTC_03624.dir/src.c.o
/usr/bin/cc -Dhas_wno_unused_function -I/home/hiw/WebRTC2/libdatachannel/deps/usrsctp/usrsctplib -std=c99 -pedantic -Wall -Wextra -Wfloat-equal -Wshadow -Wpointer-arith -Wunreachable-code -Winit-self  -fPIE   -Wno-unused-function -o CMakeFiles/cmTC_03624.dir/src.c.o -c /home/hiw/WebRTC2/libdatachannel/build/CMakeFiles/CMakeTmp/src.c
Linking C executable cmTC_03624
/usr/local/bin/cmake -E cmake_link_script CMakeFiles/cmTC_03624.dir/link.txt --verbose=1
/usr/bin/cc  -std=c99 -pedantic -Wall -Wextra -Wfloat-equal -Wshadow -Wpointer-arith -Wunreachable-code -Winit-self  CMakeFiles/cmTC_03624.dir/src.c.o -o cmTC_03624 
make[1]: Leaving directory '/home/hiw/WebRTC2/libdatachannel/build/CMakeFiles/CMakeTmp'


Source file was:
int main(void) { return 0; }
Performing C SOURCE FILE Test has_wno_unused_parameter succeeded with the following output:
Change Dir: /home/hiw/WebRTC2/libdatachannel/build/CMakeFiles/CMakeTmp

Run Build Command(s):/usr/bin/make -f Makefile cmTC_c4b6a/fast && /usr/bin/make  -f CMakeFiles/cmTC_c4b6a.dir/build.make CMakeFiles/cmTC_c4b6a.dir/build
make[1]: Entering directory '/home/hiw/WebRTC2/libdatachannel/build/CMakeFiles/CMakeTmp'
Building C object CMakeFiles/cmTC_c4b6a.dir/src.c.o
/usr/bin/cc -Dhas_wno_unused_parameter -I/home/hiw/WebRTC2/libdatachannel/deps/usrsctp/usrsctplib -std=c99 -pedantic -Wall -Wextra -Wfloat-equal -Wshadow -Wpointer-arith -Wunreachable-code -Winit-self -Wno-unused-function  -fPIE   -Wno-unused-parameter -o CMakeFiles/cmTC_c4b6a.dir/src.c.o -c /home/hiw/WebRTC2/libdatachannel/build/CMakeFiles/CMakeTmp/src.c
Linking C executable cmTC_c4b6a
/usr/local/bin/cmake -E cmake_link_script CMakeFiles/cmTC_c4b6a.dir/link.txt --verbose=1
/usr/bin/cc  -std=c99 -pedantic -Wall -Wextra -Wfloat-equal -Wshadow -Wpointer-arith -Wunreachable-code -Winit-self -Wno-unused-function  CMakeFiles/cmTC_c4b6a.dir/src.c.o -o cmTC_c4b6a 
make[1]: Leaving directory '/home/hiw/WebRTC2/libdatachannel/build/CMakeFiles/CMakeTmp'


Source file was:
int main(void) { return 0; }
Performing C SOURCE FILE Test has_wno_unreachable_code succeeded with the following output:
Change Dir: /home/hiw/WebRTC2/libdatachannel/build/CMakeFiles/CMakeTmp

Run Build Command(s):/usr/bin/make -f Makefile cmTC_0b312/fast && /usr/bin/make  -f CMakeFiles/cmTC_0b312.dir/build.make CMakeFiles/cmTC_0b312.dir/build
make[1]: Entering directory '/home/hiw/WebRTC2/libdatachannel/build/CMakeFiles/CMakeTmp'
Building C object CMakeFiles/cmTC_0b312.dir/src.c.o
/usr/bin/cc -Dhas_wno_unreachable_code -I/home/hiw/WebRTC2/libdatachannel/deps/usrsctp/usrsctplib -std=c99 -pedantic -Wall -Wextra -Wfloat-equal -Wshadow -Wpointer-arith -Wunreachable-code -Winit-self -Wno-unused-function -Wno-unused-parameter  -fPIE   -Wno-unreachable-code -o CMakeFiles/cmTC_0b312.dir/src.c.o -c /home/hiw/WebRTC2/libdatachannel/build/CMakeFiles/CMakeTmp/src.c
Linking C executable cmTC_0b312
/usr/local/bin/cmake -E cmake_link_script CMakeFiles/cmTC_0b312.dir/link.txt --verbose=1
/usr/bin/cc  -std=c99 -pedantic -Wall -Wextra -Wfloat-equal -Wshadow -Wpointer-arith -Wunreachable-code -Winit-self -Wno-unused-function -Wno-unused-parameter  CMakeFiles/cmTC_0b312.dir/src.c.o -o cmTC_0b312 
make[1]: Leaving directory '/home/hiw/WebRTC2/libdatachannel/build/CMakeFiles/CMakeTmp'


Source file was:
int main(void) { return 0; }
Performing C SOURCE FILE Test has_wstrict_prototypes succeeded with the following output:
Change Dir: /home/hiw/WebRTC2/libdatachannel/build/CMakeFiles/CMakeTmp

Run Build Command(s):/usr/bin/make -f Makefile cmTC_c6df1/fast && /usr/bin/make  -f CMakeFiles/cmTC_c6df1.dir/build.make CMakeFiles/cmTC_c6df1.dir/build
make[1]: Entering directory '/home/hiw/WebRTC2/libdatachannel/build/CMakeFiles/CMakeTmp'
Building C object CMakeFiles/cmTC_c6df1.dir/src.c.o
/usr/bin/cc -Dhas_wstrict_prototypes -I/home/hiw/WebRTC2/libdatachannel/deps/usrsctp/usrsctplib -std=c99 -pedantic -Wall -Wextra -Wfloat-equal -Wshadow -Wpointer-arith -Wunreachable-code -Winit-self -Wno-unused-function -Wno-unused-parameter -Wno-unreachable-code  -fPIE   -Wstrict-prototypes -o CMakeFiles/cmTC_c6df1.dir/src.c.o -c /home/hiw/WebRTC2/libdatachannel/build/CMakeFiles/CMakeTmp/src.c
Linking C executable cmTC_c6df1
/usr/local/bin/cmake -E cmake_link_script CMakeFiles/cmTC_c6df1.dir/link.txt --verbose=1
/usr/bin/cc  -std=c99 -pedantic -Wall -Wextra -Wfloat-equal -Wshadow -Wpointer-arith -Wunreachable-code -Winit-self -Wno-unused-function -Wno-unused-parameter -Wno-unreachable-code  CMakeFiles/cmTC_c6df1.dir/src.c.o -o cmTC_c6df1 
make[1]: Leaving directory '/home/hiw/WebRTC2/libdatachannel/build/CMakeFiles/CMakeTmp'


Source file was:
int main(void) { return 0; }
Performing C SOURCE FILE Test has_wno_address_of_packed_member succeeded with the following output:
Change Dir: /home/hiw/WebRTC2/libdatachannel/build/CMakeFiles/CMakeTmp

Run Build Command(s):/usr/bin/make -f Makefile cmTC_03ee3/fast && /usr/bin/make  -f CMakeFiles/cmTC_03ee3.dir/build.make CMakeFiles/cmTC_03ee3.dir/build
make[1]: Entering directory '/home/hiw/WebRTC2/libdatachannel/build/CMakeFiles/CMakeTmp'
Building C object CMakeFiles/cmTC_03ee3.dir/src.c.o
/usr/bin/cc -Dhas_wno_address_of_packed_member -I/home/hiw/WebRTC2/libdatachannel/deps/usrsctp/usrsctplib -std=c99 -pedantic -Wall -Wextra -Wfloat-equal -Wshadow -Wpointer-arith -Wunreachable-code -Winit-self -Wno-unused-function -Wno-unused-parameter -Wno-unreachable-code -Wstrict-prototypes -Werror  -fPIE   -Wno-address-of-packed-member -o CMakeFiles/cmTC_03ee3.dir/src.c.o -c /home/hiw/WebRTC2/libdatachannel/build/CMakeFiles/CMakeTmp/src.c
Linking C executable cmTC_03ee3
/usr/local/bin/cmake -E cmake_link_script CMakeFiles/cmTC_03ee3.dir/link.txt --verbose=1
/usr/bin/cc  -std=c99 -pedantic -Wall -Wextra -Wfloat-equal -Wshadow -Wpointer-arith -Wunreachable-code -Winit-self -Wno-unused-function -Wno-unused-parameter -Wno-unreachable-code -Wstrict-prototypes -Werror  CMakeFiles/cmTC_03ee3.dir/src.c.o -o cmTC_03ee3 
make[1]: Leaving directory '/home/hiw/WebRTC2/libdatachannel/build/CMakeFiles/CMakeTmp'


Source file was:
int main(void) { return 0; }
Performing C SOURCE FILE Test has_wno_deprecated_declarations succeeded with the following output:
Change Dir: /home/hiw/WebRTC2/libdatachannel/build/CMakeFiles/CMakeTmp

Run Build Command(s):/usr/bin/make -f Makefile cmTC_309c5/fast && /usr/bin/make  -f CMakeFiles/cmTC_309c5.dir/build.make CMakeFiles/cmTC_309c5.dir/build
make[1]: Entering directory '/home/hiw/WebRTC2/libdatachannel/build/CMakeFiles/CMakeTmp'
Building C object CMakeFiles/cmTC_309c5.dir/src.c.o
/usr/bin/cc -Dhas_wno_deprecated_declarations -I/home/hiw/WebRTC2/libdatachannel/deps/usrsctp/usrsctplib -std=c99 -pedantic -Wall -Wextra -Wfloat-equal -Wshadow -Wpointer-arith -Wunreachable-code -Winit-self -Wno-unused-function -Wno-unused-parameter -Wno-unreachable-code -Wstrict-prototypes -Werror -Wno-address-of-packed-member  -fPIE   -Wno-deprecated-declarations -o CMakeFiles/cmTC_309c5.dir/src.c.o -c /home/hiw/WebRTC2/libdatachannel/build/CMakeFiles/CMakeTmp/src.c
Linking C executable cmTC_309c5
/usr/local/bin/cmake -E cmake_link_script CMakeFiles/cmTC_309c5.dir/link.txt --verbose=1
/usr/bin/cc  -std=c99 -pedantic -Wall -Wextra -Wfloat-equal -Wshadow -Wpointer-arith -Wunreachable-code -Winit-self -Wno-unused-function -Wno-unused-parameter -Wno-unreachable-code -Wstrict-prototypes -Werror -Wno-address-of-packed-member  CMakeFiles/cmTC_309c5.dir/src.c.o -o cmTC_309c5 
make[1]: Leaving directory '/home/hiw/WebRTC2/libdatachannel/build/CMakeFiles/CMakeTmp'


Source file was:
int main(void) { return 0; }
Determining if the include file arpa/inet.h exists passed with the following output:
Change Dir: /home/hiw/WebRTC2/libdatachannel/build/CMakeFiles/CMakeTmp

Run Build Command(s):/usr/bin/make -f Makefile cmTC_4ce3d/fast && /usr/bin/make  -f CMakeFiles/cmTC_4ce3d.dir/build.make CMakeFiles/cmTC_4ce3d.dir/build
make[1]: Entering directory '/home/hiw/WebRTC2/libdatachannel/build/CMakeFiles/CMakeTmp'
Building C object CMakeFiles/cmTC_4ce3d.dir/CheckIncludeFile.c.o
/usr/bin/cc   -fPIE -o CMakeFiles/cmTC_4ce3d.dir/CheckIncludeFile.c.o -c /home/hiw/WebRTC2/libdatachannel/build/CMakeFiles/CMakeTmp/CheckIncludeFile.c
Linking C executable cmTC_4ce3d
/usr/local/bin/cmake -E cmake_link_script CMakeFiles/cmTC_4ce3d.dir/link.txt --verbose=1
/usr/bin/cc -rdynamic CMakeFiles/cmTC_4ce3d.dir/CheckIncludeFile.c.o -o cmTC_4ce3d 
make[1]: Leaving directory '/home/hiw/WebRTC2/libdatachannel/build/CMakeFiles/CMakeTmp'



Determining if the include file byteswap.h exists passed with the following output:
Change Dir: /home/hiw/WebRTC2/libdatachannel/build/CMakeFiles/CMakeTmp

Run Build Command(s):/usr/bin/make -f Makefile cmTC_d4707/fast && /usr/bin/make  -f CMakeFiles/cmTC_d4707.dir/build.make CMakeFiles/cmTC_d4707.dir/build
make[1]: Entering directory '/home/hiw/WebRTC2/libdatachannel/build/CMakeFiles/CMakeTmp'
Building C object CMakeFiles/cmTC_d4707.dir/CheckIncludeFile.c.o
/usr/bin/cc   -fPIE -o CMakeFiles/cmTC_d4707.dir/CheckIncludeFile.c.o -c /home/hiw/WebRTC2/libdatachannel/build/CMakeFiles/CMakeTmp/CheckIncludeFile.c
Linking C executable cmTC_d4707
/usr/local/bin/cmake -E cmake_link_script CMakeFiles/cmTC_d4707.dir/link.txt --verbose=1
/usr/bin/cc -rdynamic CMakeFiles/cmTC_d4707.dir/CheckIncludeFile.c.o -o cmTC_d4707 
make[1]: Leaving directory '/home/hiw/WebRTC2/libdatachannel/build/CMakeFiles/CMakeTmp'



Determining if the include file inttypes.h exists passed with the following output:
Change Dir: /home/hiw/WebRTC2/libdatachannel/build/CMakeFiles/CMakeTmp

Run Build Command(s):/usr/bin/make -f Makefile cmTC_ec579/fast && /usr/bin/make  -f CMakeFiles/cmTC_ec579.dir/build.make CMakeFiles/cmTC_ec579.dir/build
make[1]: Entering directory '/home/hiw/WebRTC2/libdatachannel/build/CMakeFiles/CMakeTmp'
Building C object CMakeFiles/cmTC_ec579.dir/CheckIncludeFile.c.o
/usr/bin/cc   -fPIE -o CMakeFiles/cmTC_ec579.dir/CheckIncludeFile.c.o -c /home/hiw/WebRTC2/libdatachannel/build/CMakeFiles/CMakeTmp/CheckIncludeFile.c
Linking C executable cmTC_ec579
/usr/local/bin/cmake -E cmake_link_script CMakeFiles/cmTC_ec579.dir/link.txt --verbose=1
/usr/bin/cc -rdynamic CMakeFiles/cmTC_ec579.dir/CheckIncludeFile.c.o -o cmTC_ec579 
make[1]: Leaving directory '/home/hiw/WebRTC2/libdatachannel/build/CMakeFiles/CMakeTmp'



Determining if the include file netinet/in.h exists passed with the following output:
Change Dir: /home/hiw/WebRTC2/libdatachannel/build/CMakeFiles/CMakeTmp

Run Build Command(s):/usr/bin/make -f Makefile cmTC_31c6a/fast && /usr/bin/make  -f CMakeFiles/cmTC_31c6a.dir/build.make CMakeFiles/cmTC_31c6a.dir/build
make[1]: Entering directory '/home/hiw/WebRTC2/libdatachannel/build/CMakeFiles/CMakeTmp'
Building C object CMakeFiles/cmTC_31c6a.dir/CheckIncludeFile.c.o
/usr/bin/cc   -fPIE -o CMakeFiles/cmTC_31c6a.dir/CheckIncludeFile.c.o -c /home/hiw/WebRTC2/libdatachannel/build/CMakeFiles/CMakeTmp/CheckIncludeFile.c
Linking C executable cmTC_31c6a
/usr/local/bin/cmake -E cmake_link_script CMakeFiles/cmTC_31c6a.dir/link.txt --verbose=1
/usr/bin/cc -rdynamic CMakeFiles/cmTC_31c6a.dir/CheckIncludeFile.c.o -o cmTC_31c6a 
make[1]: Leaving directory '/home/hiw/WebRTC2/libdatachannel/build/CMakeFiles/CMakeTmp'



Determining if the include file stdint.h exists passed with the following output:
Change Dir: /home/hiw/WebRTC2/libdatachannel/build/CMakeFiles/CMakeTmp

Run Build Command(s):/usr/bin/make -f Makefile cmTC_49087/fast && /usr/bin/make  -f CMakeFiles/cmTC_49087.dir/build.make CMakeFiles/cmTC_49087.dir/build
make[1]: Entering directory '/home/hiw/WebRTC2/libdatachannel/build/CMakeFiles/CMakeTmp'
Building C object CMakeFiles/cmTC_49087.dir/CheckIncludeFile.c.o
/usr/bin/cc   -fPIE -o CMakeFiles/cmTC_49087.dir/CheckIncludeFile.c.o -c /home/hiw/WebRTC2/libdatachannel/build/CMakeFiles/CMakeTmp/CheckIncludeFile.c
Linking C executable cmTC_49087
/usr/local/bin/cmake -E cmake_link_script CMakeFiles/cmTC_49087.dir/link.txt --verbose=1
/usr/bin/cc -rdynamic CMakeFiles/cmTC_49087.dir/CheckIncludeFile.c.o -o cmTC_49087 
make[1]: Leaving directory '/home/hiw/WebRTC2/libdatachannel/build/CMakeFiles/CMakeTmp'



Determining if the include file stdlib.h exists passed with the following output:
Change Dir: /home/hiw/WebRTC2/libdatachannel/build/CMakeFiles/CMakeTmp

Run Build Command(s):/usr/bin/make -f Makefile cmTC_d599b/fast && /usr/bin/make  -f CMakeFiles/cmTC_d599b.dir/build.make CMakeFiles/cmTC_d599b.dir/build
make[1]: Entering directory '/home/hiw/WebRTC2/libdatachannel/build/CMakeFiles/CMakeTmp'
Building C object CMakeFiles/cmTC_d599b.dir/CheckIncludeFile.c.o
/usr/bin/cc   -fPIE -o CMakeFiles/cmTC_d599b.dir/CheckIncludeFile.c.o -c /home/hiw/WebRTC2/libdatachannel/build/CMakeFiles/CMakeTmp/CheckIncludeFile.c
Linking C executable cmTC_d599b
/usr/local/bin/cmake -E cmake_link_script CMakeFiles/cmTC_d599b.dir/link.txt --verbose=1
/usr/bin/cc -rdynamic CMakeFiles/cmTC_d599b.dir/CheckIncludeFile.c.o -o cmTC_d599b 
make[1]: Leaving directory '/home/hiw/WebRTC2/libdatachannel/build/CMakeFiles/CMakeTmp'



Determining if the include file sys/socket.h exists passed with the following output:
Change Dir: /home/hiw/WebRTC2/libdatachannel/build/CMakeFiles/CMakeTmp

Run Build Command(s):/usr/bin/make -f Makefile cmTC_3d97d/fast && /usr/bin/make  -f CMakeFiles/cmTC_3d97d.dir/build.make CMakeFiles/cmTC_3d97d.dir/build
make[1]: Entering directory '/home/hiw/WebRTC2/libdatachannel/build/CMakeFiles/CMakeTmp'
Building C object CMakeFiles/cmTC_3d97d.dir/CheckIncludeFile.c.o
/usr/bin/cc   -fPIE -o CMakeFiles/cmTC_3d97d.dir/CheckIncludeFile.c.o -c /home/hiw/WebRTC2/libdatachannel/build/CMakeFiles/CMakeTmp/CheckIncludeFile.c
Linking C executable cmTC_3d97d
/usr/local/bin/cmake -E cmake_link_script CMakeFiles/cmTC_3d97d.dir/link.txt --verbose=1
/usr/bin/cc -rdynamic CMakeFiles/cmTC_3d97d.dir/CheckIncludeFile.c.o -o cmTC_3d97d 
make[1]: Leaving directory '/home/hiw/WebRTC2/libdatachannel/build/CMakeFiles/CMakeTmp'



Determining if the include file sys/types.h exists passed with the following output:
Change Dir: /home/hiw/WebRTC2/libdatachannel/build/CMakeFiles/CMakeTmp

Run Build Command(s):/usr/bin/make -f Makefile cmTC_485dd/fast && /usr/bin/make  -f CMakeFiles/cmTC_485dd.dir/build.make CMakeFiles/cmTC_485dd.dir/build
make[1]: Entering directory '/home/hiw/WebRTC2/libdatachannel/build/CMakeFiles/CMakeTmp'
Building C object CMakeFiles/cmTC_485dd.dir/CheckIncludeFile.c.o
/usr/bin/cc   -fPIE -o CMakeFiles/cmTC_485dd.dir/CheckIncludeFile.c.o -c /home/hiw/WebRTC2/libdatachannel/build/CMakeFiles/CMakeTmp/CheckIncludeFile.c
Linking C executable cmTC_485dd
/usr/local/bin/cmake -E cmake_link_script CMakeFiles/cmTC_485dd.dir/link.txt --verbose=1
/usr/bin/cc -rdynamic CMakeFiles/cmTC_485dd.dir/CheckIncludeFile.c.o -o cmTC_485dd 
make[1]: Leaving directory '/home/hiw/WebRTC2/libdatachannel/build/CMakeFiles/CMakeTmp'



Determining if the include file unistd.h exists passed with the following output:
Change Dir: /home/hiw/WebRTC2/libdatachannel/build/CMakeFiles/CMakeTmp

Run Build Command(s):/usr/bin/make -f Makefile cmTC_d2480/fast && /usr/bin/make  -f CMakeFiles/cmTC_d2480.dir/build.make CMakeFiles/cmTC_d2480.dir/build
make[1]: Entering directory '/home/hiw/WebRTC2/libdatachannel/build/CMakeFiles/CMakeTmp'
Building C object CMakeFiles/cmTC_d2480.dir/CheckIncludeFile.c.o
/usr/bin/cc   -fPIE -o CMakeFiles/cmTC_d2480.dir/CheckIncludeFile.c.o -c /home/hiw/WebRTC2/libdatachannel/build/CMakeFiles/CMakeTmp/CheckIncludeFile.c
Linking C executable cmTC_d2480
/usr/local/bin/cmake -E cmake_link_script CMakeFiles/cmTC_d2480.dir/link.txt --verbose=1
/usr/bin/cc -rdynamic CMakeFiles/cmTC_d2480.dir/CheckIncludeFile.c.o -o cmTC_d2480 
make[1]: Leaving directory '/home/hiw/WebRTC2/libdatachannel/build/CMakeFiles/CMakeTmp'



Determining if the function sigaction exists passed with the following output:
Change Dir: /home/hiw/WebRTC2/libdatachannel/build/CMakeFiles/CMakeTmp

Run Build Command(s):/usr/bin/make -f Makefile cmTC_db478/fast && /usr/bin/make  -f CMakeFiles/cmTC_db478.dir/build.make CMakeFiles/cmTC_db478.dir/build
make[1]: Entering directory '/home/hiw/WebRTC2/libdatachannel/build/CMakeFiles/CMakeTmp'
Building C object CMakeFiles/cmTC_db478.dir/CheckFunctionExists.c.o
/usr/bin/cc   -DCHECK_FUNCTION_EXISTS=sigaction -fPIE -o CMakeFiles/cmTC_db478.dir/CheckFunctionExists.c.o -c /usr/local/share/cmake-3.20/Modules/CheckFunctionExists.c
Linking C executable cmTC_db478
/usr/local/bin/cmake -E cmake_link_script CMakeFiles/cmTC_db478.dir/link.txt --verbose=1
/usr/bin/cc  -DCHECK_FUNCTION_EXISTS=sigaction -rdynamic CMakeFiles/cmTC_db478.dir/CheckFunctionExists.c.o -o cmTC_db478 
make[1]: Leaving directory '/home/hiw/WebRTC2/libdatachannel/build/CMakeFiles/CMakeTmp'



Determining if the function inet_aton exists passed with the following output:
Change Dir: /home/hiw/WebRTC2/libdatachannel/build/CMakeFiles/CMakeTmp

Run Build Command(s):/usr/bin/make -f Makefile cmTC_687b7/fast && /usr/bin/make  -f CMakeFiles/cmTC_687b7.dir/build.make CMakeFiles/cmTC_687b7.dir/build
make[1]: Entering directory '/home/hiw/WebRTC2/libdatachannel/build/CMakeFiles/CMakeTmp'
Building C object CMakeFiles/cmTC_687b7.dir/CheckFunctionExists.c.o
/usr/bin/cc   -DCHECK_FUNCTION_EXISTS=inet_aton -fPIE -o CMakeFiles/cmTC_687b7.dir/CheckFunctionExists.c.o -c /usr/local/share/cmake-3.20/Modules/CheckFunctionExists.c
Linking C executable cmTC_687b7
/usr/local/bin/cmake -E cmake_link_script CMakeFiles/cmTC_687b7.dir/link.txt --verbose=1
/usr/bin/cc  -DCHECK_FUNCTION_EXISTS=inet_aton -rdynamic CMakeFiles/cmTC_687b7.dir/CheckFunctionExists.c.o -o cmTC_687b7 
make[1]: Leaving directory '/home/hiw/WebRTC2/libdatachannel/build/CMakeFiles/CMakeTmp'



Determining if the function usleep exists passed with the following output:
Change Dir: /home/hiw/WebRTC2/libdatachannel/build/CMakeFiles/CMakeTmp

Run Build Command(s):/usr/bin/make -f Makefile cmTC_29c6b/fast && /usr/bin/make  -f CMakeFiles/cmTC_29c6b.dir/build.make CMakeFiles/cmTC_29c6b.dir/build
make[1]: Entering directory '/home/hiw/WebRTC2/libdatachannel/build/CMakeFiles/CMakeTmp'
Building C object CMakeFiles/cmTC_29c6b.dir/CheckFunctionExists.c.o
/usr/bin/cc   -DCHECK_FUNCTION_EXISTS=usleep -fPIE -o CMakeFiles/cmTC_29c6b.dir/CheckFunctionExists.c.o -c /usr/local/share/cmake-3.20/Modules/CheckFunctionExists.c
Linking C executable cmTC_29c6b
/usr/local/bin/cmake -E cmake_link_script CMakeFiles/cmTC_29c6b.dir/link.txt --verbose=1
/usr/bin/cc  -DCHECK_FUNCTION_EXISTS=usleep -rdynamic CMakeFiles/cmTC_29c6b.dir/CheckFunctionExists.c.o -o cmTC_29c6b 
make[1]: Leaving directory '/home/hiw/WebRTC2/libdatachannel/build/CMakeFiles/CMakeTmp'



Determining if the include file stddef.h exists passed with the following output:
Change Dir: /home/hiw/WebRTC2/libdatachannel/build/CMakeFiles/CMakeTmp

Run Build Command(s):/usr/bin/make -f Makefile cmTC_43606/fast && /usr/bin/make  -f CMakeFiles/cmTC_43606.dir/build.make CMakeFiles/cmTC_43606.dir/build
make[1]: Entering directory '/home/hiw/WebRTC2/libdatachannel/build/CMakeFiles/CMakeTmp'
Building C object CMakeFiles/cmTC_43606.dir/CheckIncludeFile.c.o
/usr/bin/cc   -fPIE -o CMakeFiles/cmTC_43606.dir/CheckIncludeFile.c.o -c /home/hiw/WebRTC2/libdatachannel/build/CMakeFiles/CMakeTmp/CheckIncludeFile.c
Linking C executable cmTC_43606
/usr/local/bin/cmake -E cmake_link_script CMakeFiles/cmTC_43606.dir/link.txt --verbose=1
/usr/bin/cc -rdynamic CMakeFiles/cmTC_43606.dir/CheckIncludeFile.c.o -o cmTC_43606 
make[1]: Leaving directory '/home/hiw/WebRTC2/libdatachannel/build/CMakeFiles/CMakeTmp'



Determining size of uint8_t passed with the following output:
Change Dir: /home/hiw/WebRTC2/libdatachannel/build/CMakeFiles/CMakeTmp

Run Build Command(s):/usr/bin/make -f Makefile cmTC_9a4e8/fast && /usr/bin/make  -f CMakeFiles/cmTC_9a4e8.dir/build.make CMakeFiles/cmTC_9a4e8.dir/build
make[1]: Entering directory '/home/hiw/WebRTC2/libdatachannel/build/CMakeFiles/CMakeTmp'
Building C object CMakeFiles/cmTC_9a4e8.dir/UINT8_T.c.o
/usr/bin/cc   -fPIE -o CMakeFiles/cmTC_9a4e8.dir/UINT8_T.c.o -c /home/hiw/WebRTC2/libdatachannel/build/CMakeFiles/CheckTypeSize/UINT8_T.c
Linking C executable cmTC_9a4e8
/usr/local/bin/cmake -E cmake_link_script CMakeFiles/cmTC_9a4e8.dir/link.txt --verbose=1
/usr/bin/cc -rdynamic CMakeFiles/cmTC_9a4e8.dir/UINT8_T.c.o -o cmTC_9a4e8 
make[1]: Leaving directory '/home/hiw/WebRTC2/libdatachannel/build/CMakeFiles/CMakeTmp'



Determining size of uint16_t passed with the following output:
Change Dir: /home/hiw/WebRTC2/libdatachannel/build/CMakeFiles/CMakeTmp

Run Build Command(s):/usr/bin/make -f Makefile cmTC_21050/fast && /usr/bin/make  -f CMakeFiles/cmTC_21050.dir/build.make CMakeFiles/cmTC_21050.dir/build
make[1]: Entering directory '/home/hiw/WebRTC2/libdatachannel/build/CMakeFiles/CMakeTmp'
Building C object CMakeFiles/cmTC_21050.dir/UINT16_T.c.o
/usr/bin/cc   -fPIE -o CMakeFiles/cmTC_21050.dir/UINT16_T.c.o -c /home/hiw/WebRTC2/libdatachannel/build/CMakeFiles/CheckTypeSize/UINT16_T.c
Linking C executable cmTC_21050
/usr/local/bin/cmake -E cmake_link_script CMakeFiles/cmTC_21050.dir/link.txt --verbose=1
/usr/bin/cc -rdynamic CMakeFiles/cmTC_21050.dir/UINT16_T.c.o -o cmTC_21050 
make[1]: Leaving directory '/home/hiw/WebRTC2/libdatachannel/build/CMakeFiles/CMakeTmp'



Determining size of uint32_t passed with the following output:
Change Dir: /home/hiw/WebRTC2/libdatachannel/build/CMakeFiles/CMakeTmp

Run Build Command(s):/usr/bin/make -f Makefile cmTC_27c01/fast && /usr/bin/make  -f CMakeFiles/cmTC_27c01.dir/build.make CMakeFiles/cmTC_27c01.dir/build
make[1]: Entering directory '/home/hiw/WebRTC2/libdatachannel/build/CMakeFiles/CMakeTmp'
Building C object CMakeFiles/cmTC_27c01.dir/UINT32_T.c.o
/usr/bin/cc   -fPIE -o CMakeFiles/cmTC_27c01.dir/UINT32_T.c.o -c /home/hiw/WebRTC2/libdatachannel/build/CMakeFiles/CheckTypeSize/UINT32_T.c
Linking C executable cmTC_27c01
/usr/local/bin/cmake -E cmake_link_script CMakeFiles/cmTC_27c01.dir/link.txt --verbose=1
/usr/bin/cc -rdynamic CMakeFiles/cmTC_27c01.dir/UINT32_T.c.o -o cmTC_27c01 
make[1]: Leaving directory '/home/hiw/WebRTC2/libdatachannel/build/CMakeFiles/CMakeTmp'



Determining size of uint64_t passed with the following output:
Change Dir: /home/hiw/WebRTC2/libdatachannel/build/CMakeFiles/CMakeTmp

Run Build Command(s):/usr/bin/make -f Makefile cmTC_ca855/fast && /usr/bin/make  -f CMakeFiles/cmTC_ca855.dir/build.make CMakeFiles/cmTC_ca855.dir/build
make[1]: Entering directory '/home/hiw/WebRTC2/libdatachannel/build/CMakeFiles/CMakeTmp'
Building C object CMakeFiles/cmTC_ca855.dir/UINT64_T.c.o
/usr/bin/cc   -fPIE -o CMakeFiles/cmTC_ca855.dir/UINT64_T.c.o -c /home/hiw/WebRTC2/libdatachannel/build/CMakeFiles/CheckTypeSize/UINT64_T.c
Linking C executable cmTC_ca855
/usr/local/bin/cmake -E cmake_link_script CMakeFiles/cmTC_ca855.dir/link.txt --verbose=1
/usr/bin/cc -rdynamic CMakeFiles/cmTC_ca855.dir/UINT64_T.c.o -o cmTC_ca855 
make[1]: Leaving directory '/home/hiw/WebRTC2/libdatachannel/build/CMakeFiles/CMakeTmp'



Determining size of int32_t passed with the following output:
Change Dir: /home/hiw/WebRTC2/libdatachannel/build/CMakeFiles/CMakeTmp

Run Build Command(s):/usr/bin/make -f Makefile cmTC_9bf86/fast && /usr/bin/make  -f CMakeFiles/cmTC_9bf86.dir/build.make CMakeFiles/cmTC_9bf86.dir/build
make[1]: Entering directory '/home/hiw/WebRTC2/libdatachannel/build/CMakeFiles/CMakeTmp'
Building C object CMakeFiles/cmTC_9bf86.dir/INT32_T.c.o
/usr/bin/cc   -fPIE -o CMakeFiles/cmTC_9bf86.dir/INT32_T.c.o -c /home/hiw/WebRTC2/libdatachannel/build/CMakeFiles/CheckTypeSize/INT32_T.c
Linking C executable cmTC_9bf86
/usr/local/bin/cmake -E cmake_link_script CMakeFiles/cmTC_9bf86.dir/link.txt --verbose=1
/usr/bin/cc -rdynamic CMakeFiles/cmTC_9bf86.dir/INT32_T.c.o -o cmTC_9bf86 
make[1]: Leaving directory '/home/hiw/WebRTC2/libdatachannel/build/CMakeFiles/CMakeTmp'



Determining size of unsigned long passed with the following output:
Change Dir: /home/hiw/WebRTC2/libdatachannel/build/CMakeFiles/CMakeTmp

Run Build Command(s):/usr/bin/make -f Makefile cmTC_e5c18/fast && /usr/bin/make  -f CMakeFiles/cmTC_e5c18.dir/build.make CMakeFiles/cmTC_e5c18.dir/build
make[1]: Entering directory '/home/hiw/WebRTC2/libdatachannel/build/CMakeFiles/CMakeTmp'
Building C object CMakeFiles/cmTC_e5c18.dir/SIZEOF_UNSIGNED_LONG.c.o
/usr/bin/cc   -fPIE -o CMakeFiles/cmTC_e5c18.dir/SIZEOF_UNSIGNED_LONG.c.o -c /home/hiw/WebRTC2/libdatachannel/build/CMakeFiles/CheckTypeSize/SIZEOF_UNSIGNED_LONG.c
Linking C executable cmTC_e5c18
/usr/local/bin/cmake -E cmake_link_script CMakeFiles/cmTC_e5c18.dir/link.txt --verbose=1
/usr/bin/cc -rdynamic CMakeFiles/cmTC_e5c18.dir/SIZEOF_UNSIGNED_LONG.c.o -o cmTC_e5c18 
make[1]: Leaving directory '/home/hiw/WebRTC2/libdatachannel/build/CMakeFiles/CMakeTmp'



Determining size of unsigned long long passed with the following output:
Change Dir: /home/hiw/WebRTC2/libdatachannel/build/CMakeFiles/CMakeTmp

Run Build Command(s):/usr/bin/make -f Makefile cmTC_1bd96/fast && /usr/bin/make  -f CMakeFiles/cmTC_1bd96.dir/build.make CMakeFiles/cmTC_1bd96.dir/build
make[1]: Entering directory '/home/hiw/WebRTC2/libdatachannel/build/CMakeFiles/CMakeTmp'
Building C object CMakeFiles/cmTC_1bd96.dir/SIZEOF_UNSIGNED_LONG_LONG.c.o
/usr/bin/cc   -fPIE -o CMakeFiles/cmTC_1bd96.dir/SIZEOF_UNSIGNED_LONG_LONG.c.o -c /home/hiw/WebRTC2/libdatachannel/build/CMakeFiles/CheckTypeSize/SIZEOF_UNSIGNED_LONG_LONG.c
Linking C executable cmTC_1bd96
/usr/local/bin/cmake -E cmake_link_script CMakeFiles/cmTC_1bd96.dir/link.txt --verbose=1
/usr/bin/cc -rdynamic CMakeFiles/cmTC_1bd96.dir/SIZEOF_UNSIGNED_LONG_LONG.c.o -o cmTC_1bd96 
make[1]: Leaving directory '/home/hiw/WebRTC2/libdatachannel/build/CMakeFiles/CMakeTmp'



Performing C SOURCE FILE Test HAVE_INLINE succeeded with the following output:
Change Dir: /home/hiw/WebRTC2/libdatachannel/build/CMakeFiles/CMakeTmp

Run Build Command(s):/usr/bin/make -f Makefile cmTC_1b6ee/fast && /usr/bin/make  -f CMakeFiles/cmTC_1b6ee.dir/build.make CMakeFiles/cmTC_1b6ee.dir/build
make[1]: Entering directory '/home/hiw/WebRTC2/libdatachannel/build/CMakeFiles/CMakeTmp'
Building C object CMakeFiles/cmTC_1b6ee.dir/src.c.o
/usr/bin/cc -DHAVE_INLINE  -fPIE -o CMakeFiles/cmTC_1b6ee.dir/src.c.o -c /home/hiw/WebRTC2/libdatachannel/build/CMakeFiles/CMakeTmp/src.c
Linking C executable cmTC_1b6ee
/usr/local/bin/cmake -E cmake_link_script CMakeFiles/cmTC_1b6ee.dir/link.txt --verbose=1
/usr/bin/cc CMakeFiles/cmTC_1b6ee.dir/src.c.o -o cmTC_1b6ee 
make[1]: Leaving directory '/home/hiw/WebRTC2/libdatachannel/build/CMakeFiles/CMakeTmp'


Source file was:
inline void func(); void func() { } int main() { func(); return 0; }
